This file contains any messages produced by compilers while
running configure, to aid debugging if configure makes a mistake.

It was created by jansson configure 2.5, which was
generated by GNU Autoconf 2.69.  Invocation command line was

  $ ./configure --disable-option-checking --prefix=/usr/local --enable-scrypt --enable-gridseed CFLAGS=-O2 -Wall -march=native -fcommon --cache-file=/dev/null --srcdir=.

## --------- ##
## Platform. ##
## --------- ##

hostname = raspberrypi
uname -m = aarch64
uname -r = 5.15.24-v8+
uname -s = Linux
uname -v = #1526 SMP PREEMPT Fri Feb 18 14:59:51 GMT 2022

/usr/bin/uname -p = unknown
/bin/uname -X     = unknown

/bin/arch              = aarch64
/usr/bin/arch -k       = unknown
/usr/convex/getsysinfo = unknown
/usr/bin/hostinfo      = unknown
/bin/machine           = unknown
/usr/bin/oslevel       = unknown
/bin/universe          = unknown

PATH: /home/pi/.local/bin
PATH: /usr/local/sbin
PATH: /usr/local/bin
PATH: /usr/sbin
PATH: /usr/bin
PATH: /sbin
PATH: /bin
PATH: /usr/local/games
PATH: /usr/games


## ----------- ##
## Core tests. ##
## ----------- ##

configure:2337: checking for a BSD-compatible install
configure:2405: result: /usr/bin/install -c
configure:2416: checking whether build environment is sane
configure:2466: result: yes
configure:2607: checking for a thread-safe mkdir -p
configure:2646: result: /usr/bin/mkdir -p
configure:2659: checking for gawk
configure:2689: result: no
configure:2659: checking for mawk
configure:2675: found /usr/bin/mawk
configure:2686: result: mawk
configure:2697: checking whether make sets $(MAKE)
configure:2719: result: yes
configure:2853: checking for gcc
configure:2869: found /usr/bin/gcc
configure:2880: result: gcc
configure:3109: checking for C compiler version
configure:3118: gcc --version >&5
gcc (Debian 10.2.1-6) 10.2.1 20210110
Copyright (C) 2020 Free Software Foundation, Inc.
This is free software; see the source for copying conditions.  There is NO
warranty; not even for MERCHANTABILITY or FITNESS FOR A PARTICULAR PURPOSE.

configure:3129: $? = 0
configure:3118: gcc -v >&5
Using built-in specs.
COLLECT_GCC=gcc
COLLECT_LTO_WRAPPER=/usr/lib/gcc/aarch64-linux-gnu/10/lto-wrapper
Target: aarch64-linux-gnu
Configured with: ../src/configure -v --with-pkgversion='Debian 10.2.1-6' --with-bugurl=file:///usr/share/doc/gcc-10/README.Bugs --enable-languages=c,ada,c++,go,d,fortran,objc,obj-c++,m2 --prefix=/usr --with-gcc-major-version-only --program-suffix=-10 --program-prefix=aarch64-linux-gnu- --enable-shared --enable-linker-build-id --libexecdir=/usr/lib --without-included-gettext --enable-threads=posix --libdir=/usr/lib --enable-nls --enable-bootstrap --enable-clocale=gnu --enable-libstdcxx-debug --enable-libstdcxx-time=yes --with-default-libstdcxx-abi=new --enable-gnu-unique-object --disable-libquadmath --disable-libquadmath-support --enable-plugin --enable-default-pie --with-system-zlib --enable-libphobos-checking=release --with-target-system-zlib=auto --enable-objc-gc=auto --enable-multiarch --enable-fix-cortex-a53-843419 --disable-werror --enable-checking=release --build=aarch64-linux-gnu --host=aarch64-linux-gnu --target=aarch64-linux-gnu --with-build-config=bootstrap-lto-lean --enable-link-mutex
Thread model: posix
Supported LTO compression algorithms: zlib zstd
gcc version 10.2.1 20210110 (Debian 10.2.1-6) 
configure:3129: $? = 0
configure:3118: gcc -V >&5
gcc: error: unrecognized command-line option '-V'
gcc: fatal error: no input files
compilation terminated.
configure:3129: $? = 1
configure:3118: gcc -qversion >&5
gcc: error: unrecognized command-line option '-qversion'; did you mean '--version'?
gcc: fatal error: no input files
compilation terminated.
configure:3129: $? = 1
configure:3149: checking whether the C compiler works
configure:3171: gcc -O2 -Wall -march=native -fcommon   conftest.c  >&5
configure:3175: $? = 0
configure:3223: result: yes
configure:3226: checking for C compiler default output file name
configure:3228: result: a.out
configure:3234: checking for suffix of executables
configure:3241: gcc -o conftest -O2 -Wall -march=native -fcommon   conftest.c  >&5
configure:3245: $? = 0
configure:3267: result: 
configure:3289: checking whether we are cross compiling
configure:3297: gcc -o conftest -O2 -Wall -march=native -fcommon   conftest.c  >&5
configure:3301: $? = 0
configure:3308: ./conftest
configure:3312: $? = 0
configure:3327: result: no
configure:3332: checking for suffix of object files
configure:3354: gcc -c -O2 -Wall -march=native -fcommon  conftest.c >&5
configure:3358: $? = 0
configure:3379: result: o
configure:3383: checking whether we are using the GNU C compiler
configure:3402: gcc -c -O2 -Wall -march=native -fcommon  conftest.c >&5
configure:3402: $? = 0
configure:3411: result: yes
configure:3420: checking whether gcc accepts -g
configure:3440: gcc -c -g  conftest.c >&5
configure:3440: $? = 0
configure:3481: result: yes
configure:3498: checking for gcc option to accept ISO C89
configure:3561: gcc  -c -O2 -Wall -march=native -fcommon  conftest.c >&5
configure:3561: $? = 0
configure:3574: result: none needed
configure:3605: checking for style of include used by make
configure:3633: result: GNU
configure:3659: checking dependency style of gcc
configure:3770: result: gcc3
configure:3814: checking build system type
configure:3828: result: aarch64-unknown-linux-gnu
configure:3848: checking host system type
configure:3861: result: aarch64-unknown-linux-gnu
configure:3902: checking how to print strings
configure:3929: result: printf
configure:3950: checking for a sed that does not truncate output
configure:4014: result: /usr/bin/sed
configure:4032: checking for grep that handles long lines and -e
configure:4090: result: /usr/bin/grep
configure:4095: checking for egrep
configure:4157: result: /usr/bin/grep -E
configure:4162: checking for fgrep
configure:4224: result: /usr/bin/grep -F
configure:4259: checking for ld used by gcc
configure:4326: result: /usr/bin/ld
configure:4333: checking if the linker (/usr/bin/ld) is GNU ld
configure:4348: result: yes
configure:4360: checking for BSD- or MS-compatible name lister (nm)
configure:4409: result: /usr/bin/nm -B
configure:4539: checking the name lister (/usr/bin/nm -B) interface
configure:4546: gcc -c -O2 -Wall -march=native -fcommon  conftest.c >&5
configure:4549: /usr/bin/nm -B "conftest.o"
configure:4552: output
0000000000000000 B some_variable
configure:4559: result: BSD nm
configure:4562: checking whether ln -s works
configure:4566: result: yes
configure:4574: checking the maximum length of command line arguments
configure:4704: result: 1572864
configure:4721: checking whether the shell understands some XSI constructs
configure:4731: result: yes
configure:4735: checking whether the shell understands "+="
configure:4741: result: yes
configure:4776: checking how to convert aarch64-unknown-linux-gnu file names to aarch64-unknown-linux-gnu format
configure:4816: result: func_convert_file_noop
configure:4823: checking how to convert aarch64-unknown-linux-gnu file names to toolchain format
configure:4843: result: func_convert_file_noop
configure:4850: checking for /usr/bin/ld option to reload object files
configure:4857: result: -r
configure:4931: checking for objdump
configure:4947: found /usr/bin/objdump
configure:4958: result: objdump
configure:4990: checking how to recognize dependent libraries
configure:5188: result: pass_all
configure:5273: checking for dlltool
configure:5303: result: no
configure:5333: checking how to associate runtime and link libraries
configure:5360: result: printf %s\n
configure:5421: checking for ar
configure:5437: found /usr/bin/ar
configure:5448: result: ar
configure:5485: checking for archiver @FILE support
configure:5502: gcc -c -O2 -Wall -march=native -fcommon  conftest.c >&5
configure:5502: $? = 0
configure:5505: ar cru libconftest.a @conftest.lst >&5
ar: `u' modifier ignored since `D' is the default (see `U')
configure:5508: $? = 0
configure:5513: ar cru libconftest.a @conftest.lst >&5
ar: `u' modifier ignored since `D' is the default (see `U')
ar: conftest.o: No such file or directory
configure:5516: $? = 1
configure:5528: result: @
configure:5586: checking for strip
configure:5602: found /usr/bin/strip
configure:5613: result: strip
configure:5685: checking for ranlib
configure:5701: found /usr/bin/ranlib
configure:5712: result: ranlib
configure:5814: checking command to parse /usr/bin/nm -B output from gcc object
configure:5934: gcc -c -O2 -Wall -march=native -fcommon  conftest.c >&5
configure:5937: $? = 0
configure:5941: /usr/bin/nm -B conftest.o \| sed -n -e 's/^.*[ ]\([ABCDGIRSTW][ABCDGIRSTW]*\)[ ][ ]*\([_A-Za-z][_A-Za-z0-9]*\)$/\1 \2 \2/p' | sed '/ __gnu_lto/d' \> conftest.nm
configure:5944: $? = 0
configure:6010: gcc -o conftest -O2 -Wall -march=native -fcommon   conftest.c conftstm.o >&5
configure:6013: $? = 0
configure:6051: result: ok
configure:6088: checking for sysroot
configure:6118: result: no
configure:6374: checking for mt
configure:6390: found /usr/bin/mt
configure:6401: result: mt
configure:6424: checking if mt is a manifest tool
configure:6430: mt '-?'
configure:6438: result: no
configure:7080: checking how to run the C preprocessor
configure:7111: gcc -E  conftest.c
configure:7111: $? = 0
configure:7125: gcc -E  conftest.c
conftest.c:11:10: fatal error: ac_nonexistent.h: No such file or directory
   11 | #include <ac_nonexistent.h>
      |          ^~~~~~~~~~~~~~~~~~
compilation terminated.
configure:7125: $? = 1
configure: failed program was:
| /* confdefs.h */
| #define PACKAGE_NAME "jansson"
| #define PACKAGE_TARNAME "jansson"
| #define PACKAGE_VERSION "2.5"
| #define PACKAGE_STRING "jansson 2.5"
| #define PACKAGE_BUGREPORT "petri@digip.org"
| #define PACKAGE_URL ""
| #define PACKAGE "jansson"
| #define VERSION "2.5"
| /* end confdefs.h.  */
| #include <ac_nonexistent.h>
configure:7150: result: gcc -E
configure:7170: gcc -E  conftest.c
configure:7170: $? = 0
configure:7184: gcc -E  conftest.c
conftest.c:11:10: fatal error: ac_nonexistent.h: No such file or directory
   11 | #include <ac_nonexistent.h>
      |          ^~~~~~~~~~~~~~~~~~
compilation terminated.
configure:7184: $? = 1
configure: failed program was:
| /* confdefs.h */
| #define PACKAGE_NAME "jansson"
| #define PACKAGE_TARNAME "jansson"
| #define PACKAGE_VERSION "2.5"
| #define PACKAGE_STRING "jansson 2.5"
| #define PACKAGE_BUGREPORT "petri@digip.org"
| #define PACKAGE_URL ""
| #define PACKAGE "jansson"
| #define VERSION "2.5"
| /* end confdefs.h.  */
| #include <ac_nonexistent.h>
configure:7213: checking for ANSI C header files
configure:7233: gcc -c -O2 -Wall -march=native -fcommon  conftest.c >&5
configure:7233: $? = 0
configure:7306: gcc -o conftest -O2 -Wall -march=native -fcommon   conftest.c  >&5
configure:7306: $? = 0
configure:7306: ./conftest
configure:7306: $? = 0
configure:7317: result: yes
configure:7330: checking for sys/types.h
configure:7330: gcc -c -O2 -Wall -march=native -fcommon  conftest.c >&5
configure:7330: $? = 0
configure:7330: result: yes
configure:7330: checking for sys/stat.h
configure:7330: gcc -c -O2 -Wall -march=native -fcommon  conftest.c >&5
configure:7330: $? = 0
configure:7330: result: yes
configure:7330: checking for stdlib.h
configure:7330: gcc -c -O2 -Wall -march=native -fcommon  conftest.c >&5
configure:7330: $? = 0
configure:7330: result: yes
configure:7330: checking for string.h
configure:7330: gcc -c -O2 -Wall -march=native -fcommon  conftest.c >&5
configure:7330: $? = 0
configure:7330: result: yes
configure:7330: checking for memory.h
configure:7330: gcc -c -O2 -Wall -march=native -fcommon  conftest.c >&5
configure:7330: $? = 0
configure:7330: result: yes
configure:7330: checking for strings.h
configure:7330: gcc -c -O2 -Wall -march=native -fcommon  conftest.c >&5
configure:7330: $? = 0
configure:7330: result: yes
configure:7330: checking for inttypes.h
configure:7330: gcc -c -O2 -Wall -march=native -fcommon  conftest.c >&5
configure:7330: $? = 0
configure:7330: result: yes
configure:7330: checking for stdint.h
configure:7330: gcc -c -O2 -Wall -march=native -fcommon  conftest.c >&5
configure:7330: $? = 0
configure:7330: result: yes
configure:7330: checking for unistd.h
configure:7330: gcc -c -O2 -Wall -march=native -fcommon  conftest.c >&5
configure:7330: $? = 0
configure:7330: result: yes
configure:7344: checking for dlfcn.h
configure:7344: gcc -c -O2 -Wall -march=native -fcommon  conftest.c >&5
configure:7344: $? = 0
configure:7344: result: yes
configure:7550: checking for objdir
configure:7565: result: .libs
configure:7836: checking if gcc supports -fno-rtti -fno-exceptions
configure:7854: gcc -c -O2 -Wall -march=native -fcommon  -fno-rtti -fno-exceptions conftest.c >&5
cc1: warning: command-line option '-fno-rtti' is valid for C++/D/ObjC++ but not for C
configure:7858: $? = 0
configure:7871: result: no
configure:8198: checking for gcc option to produce PIC
configure:8205: result: -fPIC -DPIC
configure:8213: checking if gcc PIC flag -fPIC -DPIC works
configure:8231: gcc -c -O2 -Wall -march=native -fcommon  -fPIC -DPIC -DPIC conftest.c >&5
configure:8235: $? = 0
configure:8248: result: yes
configure:8277: checking if gcc static flag -static works
configure:8305: result: yes
configure:8320: checking if gcc supports -c -o file.o
configure:8341: gcc -c -O2 -Wall -march=native -fcommon  -o out/conftest2.o conftest.c >&5
configure:8345: $? = 0
configure:8367: result: yes
configure:8375: checking if gcc supports -c -o file.o
configure:8422: result: yes
configure:8455: checking whether the gcc linker (/usr/bin/ld) supports shared libraries
configure:9612: result: yes
configure:9649: checking whether -lc should be explicitly linked in
configure:9657: gcc -c -O2 -Wall -march=native -fcommon  conftest.c >&5
configure:9660: $? = 0
configure:9675: gcc -shared  -fPIC -DPIC conftest.o  -v -Wl,-soname -Wl,conftest -o conftest 2\>\&1 \| /usr/bin/grep  -lc  \>/dev/null 2\>\&1
configure:9678: $? = 0
configure:9692: result: no
configure:9852: checking dynamic linker characteristics
configure:10352: gcc -o conftest -O2 -Wall -march=native -fcommon   -Wl,-rpath -Wl,/foo conftest.c  >&5
configure:10352: $? = 0
configure:10586: result: GNU/Linux ld.so
configure:10693: checking how to hardcode library paths into programs
configure:10718: result: immediate
configure:11258: checking whether stripping libraries is possible
configure:11263: result: yes
configure:11298: checking if libtool supports shared libraries
configure:11300: result: yes
configure:11303: checking whether to build shared libraries
configure:11324: result: yes
configure:11327: checking whether to build static libraries
configure:11331: result: yes
configure:11382: checking locale.h usability
configure:11382: gcc -c -O2 -Wall -march=native -fcommon  conftest.c >&5
configure:11382: $? = 0
configure:11382: result: yes
configure:11382: checking locale.h presence
configure:11382: gcc -E  conftest.c
configure:11382: $? = 0
configure:11382: result: yes
configure:11382: checking for locale.h
configure:11382: result: yes
configure:11394: checking for int32_t
configure:11394: gcc -c -O2 -Wall -march=native -fcommon  conftest.c >&5
configure:11394: $? = 0
configure:11394: gcc -c -O2 -Wall -march=native -fcommon  conftest.c >&5
conftest.c: In function 'main':
conftest.c:62:53: warning: integer overflow in expression of type 'int' results in '-2147483648' [-Woverflow]
   62 |    < (int32_t) (((((int32_t) 1 << N) << N) - 1) * 2 + 2))];
      |                                                     ^
conftest.c:61:12: error: storage size of 'test_array' isn't constant
   61 | static int test_array [1 - 2 * !((int32_t) (((((int32_t) 1 << N) << N) - 1) * 2 + 1)
      |            ^~~~~~~~~~
conftest.c:61:12: warning: unused variable 'test_array' [-Wunused-variable]
configure:11394: $? = 1
configure: failed program was:
| /* confdefs.h */
| #define PACKAGE_NAME "jansson"
| #define PACKAGE_TARNAME "jansson"
| #define PACKAGE_VERSION "2.5"
| #define PACKAGE_STRING "jansson 2.5"
| #define PACKAGE_BUGREPORT "petri@digip.org"
| #define PACKAGE_URL ""
| #define PACKAGE "jansson"
| #define VERSION "2.5"
| #define STDC_HEADERS 1
| #define HAVE_SYS_TYPES_H 1
| #define HAVE_SYS_STAT_H 1
| #define HAVE_STDLIB_H 1
| #define HAVE_STRING_H 1
| #define HAVE_MEMORY_H 1
| #define HAVE_STRINGS_H 1
| #define HAVE_INTTYPES_H 1
| #define HAVE_STDINT_H 1
| #define HAVE_UNISTD_H 1
| #define HAVE_DLFCN_H 1
| #define LT_OBJDIR ".libs/"
| #define HAVE_LOCALE_H 1
| /* end confdefs.h.  */
| #include <stdio.h>
| #ifdef HAVE_SYS_TYPES_H
| # include <sys/types.h>
| #endif
| #ifdef HAVE_SYS_STAT_H
| # include <sys/stat.h>
| #endif
| #ifdef STDC_HEADERS
| # include <stdlib.h>
| # include <stddef.h>
| #else
| # ifdef HAVE_STDLIB_H
| #  include <stdlib.h>
| # endif
| #endif
| #ifdef HAVE_STRING_H
| # if !defined STDC_HEADERS && defined HAVE_MEMORY_H
| #  include <memory.h>
| # endif
| # include <string.h>
| #endif
| #ifdef HAVE_STRINGS_H
| # include <strings.h>
| #endif
| #ifdef HAVE_INTTYPES_H
| # include <inttypes.h>
| #endif
| #ifdef HAVE_STDINT_H
| # include <stdint.h>
| #endif
| #ifdef HAVE_UNISTD_H
| # include <unistd.h>
| #endif
| 	        enum { N = 32 / 2 - 1 };
| int
| main ()
| {
| static int test_array [1 - 2 * !((int32_t) (((((int32_t) 1 << N) << N) - 1) * 2 + 1)
| 		 < (int32_t) (((((int32_t) 1 << N) << N) - 1) * 2 + 2))];
| test_array [0] = 0;
| return test_array [0];
| 
|   ;
|   return 0;
| }
configure:11394: result: yes
configure:11406: checking for unsigned long long int
configure:11445: gcc -o conftest -O2 -Wall -march=native -fcommon   conftest.c  >&5
configure:11445: $? = 0
configure:11454: result: yes
configure:11464: checking for long long int
configure:11502: gcc -o conftest -O2 -Wall -march=native -fcommon   conftest.c  >&5
configure:11502: $? = 0
configure:11502: ./conftest
configure:11502: $? = 0
configure:11514: result: yes
configure:11523: checking for inline
configure:11539: gcc -c -O2 -Wall -march=native -fcommon  conftest.c >&5
configure:11539: $? = 0
configure:11547: result: inline
configure:11576: checking for strtoll
configure:11576: gcc -o conftest -O2 -Wall -march=native -fcommon   conftest.c  >&5
configure:11576: $? = 0
configure:11576: result: yes
configure:11576: checking for localeconv
configure:11576: gcc -o conftest -O2 -Wall -march=native -fcommon   conftest.c  >&5
configure:11576: $? = 0
configure:11576: result: yes
configure:11726: creating ./config.status

## ---------------------- ##
## Running config.status. ##
## ---------------------- ##

This file was extended by jansson config.status 2.5, which was
generated by GNU Autoconf 2.69.  Invocation command line was

  CONFIG_FILES    = 
  CONFIG_HEADERS  = 
  CONFIG_LINKS    = 
  CONFIG_COMMANDS = 
  $ ./config.status 

on raspberrypi

config.status:1090: creating jansson.pc
config.status:1090: creating Makefile
config.status:1090: creating src/Makefile
config.status:1090: creating src/jansson_config.h
config.status:1090: creating config.h
config.status:1271: config.h is unchanged
config.status:1319: executing depfiles commands
config.status:1319: executing libtool commands

## ---------------- ##
## Cache variables. ##
## ---------------- ##

ac_cv_build=aarch64-unknown-linux-gnu
ac_cv_c_compiler_gnu=yes
ac_cv_c_inline=inline
ac_cv_c_int32_t=yes
ac_cv_env_CC_set=
ac_cv_env_CC_value=
ac_cv_env_CFLAGS_set=set
ac_cv_env_CFLAGS_value='-O2 -Wall -march=native -fcommon'
ac_cv_env_CPPFLAGS_set=
ac_cv_env_CPPFLAGS_value=
ac_cv_env_CPP_set=
ac_cv_env_CPP_value=
ac_cv_env_LDFLAGS_set=
ac_cv_env_LDFLAGS_value=
ac_cv_env_LIBS_set=
ac_cv_env_LIBS_value=
ac_cv_env_build_alias_set=
ac_cv_env_build_alias_value=
ac_cv_env_host_alias_set=
ac_cv_env_host_alias_value=
ac_cv_env_target_alias_set=
ac_cv_env_target_alias_value=
ac_cv_func_localeconv=yes
ac_cv_func_strtoll=yes
ac_cv_header_dlfcn_h=yes
ac_cv_header_inttypes_h=yes
ac_cv_header_locale_h=yes
ac_cv_header_memory_h=yes
ac_cv_header_stdc=yes
ac_cv_header_stdint_h=yes
ac_cv_header_stdlib_h=yes
ac_cv_header_string_h=yes
ac_cv_header_strings_h=yes
ac_cv_header_sys_stat_h=yes
ac_cv_header_sys_types_h=yes
ac_cv_header_unistd_h=yes
ac_cv_host=aarch64-unknown-linux-gnu
ac_cv_objext=o
ac_cv_path_EGREP='/usr/bin/grep -E'
ac_cv_path_FGREP='/usr/bin/grep -F'
ac_cv_path_GREP=/usr/bin/grep
ac_cv_path_SED=/usr/bin/sed
ac_cv_path_install='/usr/bin/install -c'
ac_cv_path_mkdir=/usr/bin/mkdir
ac_cv_prog_AWK=mawk
ac_cv_prog_CPP='gcc -E'
ac_cv_prog_ac_ct_AR=ar
ac_cv_prog_ac_ct_CC=gcc
ac_cv_prog_ac_ct_MANIFEST_TOOL=mt
ac_cv_prog_ac_ct_OBJDUMP=objdump
ac_cv_prog_ac_ct_RANLIB=ranlib
ac_cv_prog_ac_ct_STRIP=strip
ac_cv_prog_cc_c89=
ac_cv_prog_cc_g=yes
ac_cv_prog_make_make_set=yes
ac_cv_type_long_long_int=yes
ac_cv_type_unsigned_long_long_int=yes
am_cv_CC_dependencies_compiler_type=gcc3
lt_cv_ar_at_file=@
lt_cv_archive_cmds_need_lc=no
lt_cv_deplibs_check_method=pass_all
lt_cv_file_magic_cmd='$MAGIC_CMD'
lt_cv_file_magic_test_file=
lt_cv_ld_reload_flag=-r
lt_cv_nm_interface='BSD nm'
lt_cv_objdir=.libs
lt_cv_path_LD=/usr/bin/ld
lt_cv_path_NM='/usr/bin/nm -B'
lt_cv_path_mainfest_tool=no
lt_cv_prog_compiler_c_o=yes
lt_cv_prog_compiler_pic='-fPIC -DPIC'
lt_cv_prog_compiler_pic_works=yes
lt_cv_prog_compiler_rtti_exceptions=no
lt_cv_prog_compiler_static_works=yes
lt_cv_prog_gnu_ld=yes
lt_cv_sharedlib_from_linklib_cmd='printf %s\n'
lt_cv_shlibpath_overrides_runpath=yes
lt_cv_sys_global_symbol_pipe='sed -n -e '\''s/^.*[	 ]\([ABCDGIRSTW][ABCDGIRSTW]*\)[	 ][	 ]*\([_A-Za-z][_A-Za-z0-9]*\)$/\1 \2 \2/p'\'' | sed '\''/ __gnu_lto/d'\'''
lt_cv_sys_global_symbol_to_c_name_address='sed -n -e '\''s/^: \([^ ]*\)[ ]*$/  {\"\1\", (void *) 0},/p'\'' -e '\''s/^[ABCDGIRSTW]* \([^ ]*\) \([^ ]*\)$/  {"\2", (void *) \&\2},/p'\'''
lt_cv_sys_global_symbol_to_c_name_address_lib_prefix='sed -n -e '\''s/^: \([^ ]*\)[ ]*$/  {\"\1\", (void *) 0},/p'\'' -e '\''s/^[ABCDGIRSTW]* \([^ ]*\) \(lib[^ ]*\)$/  {"\2", (void *) \&\2},/p'\'' -e '\''s/^[ABCDGIRSTW]* \([^ ]*\) \([^ ]*\)$/  {"lib\2", (void *) \&\2},/p'\'''
lt_cv_sys_global_symbol_to_cdecl='sed -n -e '\''s/^T .* \(.*\)$/extern int \1();/p'\'' -e '\''s/^[ABCDGIRSTW]* .* \(.*\)$/extern char \1;/p'\'''
lt_cv_sys_max_cmd_len=1572864
lt_cv_to_host_file_cmd=func_convert_file_noop
lt_cv_to_tool_file_cmd=func_convert_file_noop

## ----------------- ##
## Output variables. ##
## ----------------- ##

ACLOCAL='${SHELL} /home/pi/cgminer-gc3355/compat/jansson-2.5/missing --run aclocal-1.11'
AMDEPBACKSLASH='\'
AMDEP_FALSE='#'
AMDEP_TRUE=''
AMTAR='$${TAR-tar}'
AR='ar'
AUTOCONF='${SHELL} /home/pi/cgminer-gc3355/compat/jansson-2.5/missing --run autoconf'
AUTOHEADER='${SHELL} /home/pi/cgminer-gc3355/compat/jansson-2.5/missing --run autoheader'
AUTOMAKE='${SHELL} /home/pi/cgminer-gc3355/compat/jansson-2.5/missing --run automake-1.11'
AWK='mawk'
CC='gcc'
CCDEPMODE='depmode=gcc3'
CFLAGS='-O2 -Wall -march=native -fcommon'
CPP='gcc -E'
CPPFLAGS=''
CYGPATH_W='echo'
DEFS='-DHAVE_CONFIG_H'
DEPDIR='.deps'
DLLTOOL='false'
DSYMUTIL=''
DUMPBIN=''
ECHO_C=''
ECHO_N='-n'
ECHO_T=''
EGREP='/usr/bin/grep -E'
EXEEXT=''
FGREP='/usr/bin/grep -F'
GCC_FALSE='#'
GCC_TRUE=''
GREP='/usr/bin/grep'
INSTALL_DATA='${INSTALL} -m 644'
INSTALL_PROGRAM='${INSTALL}'
INSTALL_SCRIPT='${INSTALL}'
INSTALL_STRIP_PROGRAM='$(install_sh) -c -s'
LD='/usr/bin/ld'
LDFLAGS=''
LIBOBJS=''
LIBS=''
LIBTOOL='$(SHELL) $(top_builddir)/libtool'
LIPO=''
LN_S='ln -s'
LTLIBOBJS=''
MAKEINFO='${SHELL} /home/pi/cgminer-gc3355/compat/jansson-2.5/missing --run makeinfo'
MANIFEST_TOOL=':'
MKDIR_P='/usr/bin/mkdir -p'
NM='/usr/bin/nm -B'
NMEDIT=''
OBJDUMP='objdump'
OBJEXT='o'
OTOOL64=''
OTOOL=''
PACKAGE='jansson'
PACKAGE_BUGREPORT='petri@digip.org'
PACKAGE_NAME='jansson'
PACKAGE_STRING='jansson 2.5'
PACKAGE_TARNAME='jansson'
PACKAGE_URL=''
PACKAGE_VERSION='2.5'
PATH_SEPARATOR=':'
RANLIB='ranlib'
SED='/usr/bin/sed'
SET_MAKE=''
SHELL='/bin/bash'
STRIP='strip'
VERSION='2.5'
ac_ct_AR='ar'
ac_ct_CC='gcc'
ac_ct_DUMPBIN=''
am__EXEEXT_FALSE=''
am__EXEEXT_TRUE='#'
am__fastdepCC_FALSE='#'
am__fastdepCC_TRUE=''
am__include='include'
am__isrc=''
am__leading_dot='.'
am__nodep='_no'
am__quote=''
am__tar='$${TAR-tar} chof - "$$tardir"'
am__untar='$${TAR-tar} xf -'
bindir='${exec_prefix}/bin'
build='aarch64-unknown-linux-gnu'
build_alias=''
build_cpu='aarch64'
build_os='linux-gnu'
build_vendor='unknown'
datadir='${datarootdir}'
datarootdir='${prefix}/share'
docdir='${datarootdir}/doc/${PACKAGE_TARNAME}'
dvidir='${docdir}'
exec_prefix='${prefix}'
host='aarch64-unknown-linux-gnu'
host_alias=''
host_cpu='aarch64'
host_os='linux-gnu'
host_vendor='unknown'
htmldir='${docdir}'
includedir='${prefix}/include'
infodir='${datarootdir}/info'
install_sh='${SHELL} /home/pi/cgminer-gc3355/compat/jansson-2.5/install-sh'
json_have_localeconv='1'
json_have_long_long='1'
json_inline='inline'
libdir='${exec_prefix}/lib'
libexecdir='${exec_prefix}/libexec'
localedir='${datarootdir}/locale'
localstatedir='${prefix}/var'
mandir='${datarootdir}/man'
mkdir_p='/usr/bin/mkdir -p'
oldincludedir='/usr/include'
pdfdir='${docdir}'
prefix='/usr/local'
program_transform_name='s,x,x,'
psdir='${docdir}'
runstatedir='${localstatedir}/run'
sbindir='${exec_prefix}/sbin'
sharedstatedir='${prefix}/com'
sysconfdir='${prefix}/etc'
target_alias=''

## ----------- ##
## confdefs.h. ##
## ----------- ##

/* confdefs.h */
#define PACKAGE_NAME "jansson"
#define PACKAGE_TARNAME "jansson"
#define PACKAGE_VERSION "2.5"
#define PACKAGE_STRING "jansson 2.5"
#define PACKAGE_BUGREPORT "petri@digip.org"
#define PACKAGE_URL ""
#define PACKAGE "jansson"
#define VERSION "2.5"
#define STDC_HEADERS 1
#define HAVE_SYS_TYPES_H 1
#define HAVE_SYS_STAT_H 1
#define HAVE_STDLIB_H 1
#define HAVE_STRING_H 1
#define HAVE_MEMORY_H 1
#define HAVE_STRINGS_H 1
#define HAVE_INTTYPES_H 1
#define HAVE_STDINT_H 1
#define HAVE_UNISTD_H 1
#define HAVE_DLFCN_H 1
#define LT_OBJDIR ".libs/"
#define HAVE_LOCALE_H 1
#define HAVE_UNSIGNED_LONG_LONG_INT 1
#define HAVE_LONG_LONG_INT 1
#define HAVE_STRTOLL 1
#define HAVE_LOCALECONV 1

configure: exit 0
