This file contains any messages produced by compilers while
running configure, to aid debugging if configure makes a mistake.

It was created by cgminer configure 3.7.2, which was
generated by GNU Autoconf 2.69.  Invocation command line was

  $ ./configure --enable-scrypt --enable-gridseed CFLAGS=-O2 -Wall -march=native -fcommon

## --------- ##
## Platform. ##
## --------- ##

hostname = raspberrypi
uname -m = aarch64
uname -r = 5.15.24-v8+
uname -s = Linux
uname -v = #1526 SMP PREEMPT Fri Feb 18 14:59:51 GMT 2022

/usr/bin/uname -p = unknown
/bin/uname -X     = unknown

/bin/arch              = aarch64
/usr/bin/arch -k       = unknown
/usr/convex/getsysinfo = unknown
/usr/bin/hostinfo      = unknown
/bin/machine           = unknown
/usr/bin/oslevel       = unknown
/bin/universe          = unknown

PATH: /home/pi/.local/bin
PATH: /usr/local/sbin
PATH: /usr/local/bin
PATH: /usr/sbin
PATH: /usr/bin
PATH: /sbin
PATH: /bin
PATH: /usr/local/games
PATH: /usr/games


## ----------- ##
## Core tests. ##
## ----------- ##

configure:2846: checking build system type
configure:2860: result: aarch64-unknown-linux-gnu
configure:2880: checking host system type
configure:2893: result: aarch64-unknown-linux-gnu
configure:2913: checking target system type
configure:2926: result: aarch64-unknown-linux-gnu
configure:2974: checking for a BSD-compatible install
configure:3042: result: /usr/bin/install -c
configure:3053: checking whether build environment is sane
configure:3103: result: yes
configure:3244: checking for a thread-safe mkdir -p
configure:3283: result: /usr/bin/mkdir -p
configure:3297: checking for gawk
configure:3327: result: no
configure:3297: checking for mawk
configure:3313: found /usr/bin/mawk
configure:3324: result: mawk
configure:3335: checking whether make sets $(MAKE)
configure:3357: result: yes
configure:3448: checking whether make supports nested variables
configure:3465: result: yes
configure:3488: checking for style of include used by make
configure:3516: result: GNU
configure:3587: checking for gcc
configure:3603: found /usr/bin/gcc
configure:3614: result: gcc
configure:3843: checking for C compiler version
configure:3852: gcc --version >&5
gcc (Debian 10.2.1-6) 10.2.1 20210110
Copyright (C) 2020 Free Software Foundation, Inc.
This is free software; see the source for copying conditions.  There is NO
warranty; not even for MERCHANTABILITY or FITNESS FOR A PARTICULAR PURPOSE.

configure:3863: $? = 0
configure:3852: gcc -v >&5
Using built-in specs.
COLLECT_GCC=gcc
COLLECT_LTO_WRAPPER=/usr/lib/gcc/aarch64-linux-gnu/10/lto-wrapper
Target: aarch64-linux-gnu
Configured with: ../src/configure -v --with-pkgversion='Debian 10.2.1-6' --with-bugurl=file:///usr/share/doc/gcc-10/README.Bugs --enable-languages=c,ada,c++,go,d,fortran,objc,obj-c++,m2 --prefix=/usr --with-gcc-major-version-only --program-suffix=-10 --program-prefix=aarch64-linux-gnu- --enable-shared --enable-linker-build-id --libexecdir=/usr/lib --without-included-gettext --enable-threads=posix --libdir=/usr/lib --enable-nls --enable-bootstrap --enable-clocale=gnu --enable-libstdcxx-debug --enable-libstdcxx-time=yes --with-default-libstdcxx-abi=new --enable-gnu-unique-object --disable-libquadmath --disable-libquadmath-support --enable-plugin --enable-default-pie --with-system-zlib --enable-libphobos-checking=release --with-target-system-zlib=auto --enable-objc-gc=auto --enable-multiarch --enable-fix-cortex-a53-843419 --disable-werror --enable-checking=release --build=aarch64-linux-gnu --host=aarch64-linux-gnu --target=aarch64-linux-gnu --with-build-config=bootstrap-lto-lean --enable-link-mutex
Thread model: posix
Supported LTO compression algorithms: zlib zstd
gcc version 10.2.1 20210110 (Debian 10.2.1-6) 
configure:3863: $? = 0
configure:3852: gcc -V >&5
gcc: error: unrecognized command-line option '-V'
gcc: fatal error: no input files
compilation terminated.
configure:3863: $? = 1
configure:3852: gcc -qversion >&5
gcc: error: unrecognized command-line option '-qversion'; did you mean '--version'?
gcc: fatal error: no input files
compilation terminated.
configure:3863: $? = 1
configure:3883: checking whether the C compiler works
configure:3905: gcc -O2 -Wall -march=native -fcommon   conftest.c  >&5
configure:3909: $? = 0
configure:3957: result: yes
configure:3960: checking for C compiler default output file name
configure:3962: result: a.out
configure:3968: checking for suffix of executables
configure:3975: gcc -o conftest -O2 -Wall -march=native -fcommon   conftest.c  >&5
configure:3979: $? = 0
configure:4001: result: 
configure:4023: checking whether we are cross compiling
configure:4031: gcc -o conftest -O2 -Wall -march=native -fcommon   conftest.c  >&5
configure:4035: $? = 0
configure:4042: ./conftest
configure:4046: $? = 0
configure:4061: result: no
configure:4066: checking for suffix of object files
configure:4088: gcc -c -O2 -Wall -march=native -fcommon  conftest.c >&5
configure:4092: $? = 0
configure:4113: result: o
configure:4117: checking whether we are using the GNU C compiler
configure:4136: gcc -c -O2 -Wall -march=native -fcommon  conftest.c >&5
configure:4136: $? = 0
configure:4145: result: yes
configure:4154: checking whether gcc accepts -g
configure:4174: gcc -c -g  conftest.c >&5
configure:4174: $? = 0
configure:4215: result: yes
configure:4232: checking for gcc option to accept ISO C89
configure:4295: gcc  -c -O2 -Wall -march=native -fcommon  conftest.c >&5
configure:4295: $? = 0
configure:4308: result: none needed
configure:4330: checking dependency style of gcc
configure:4441: result: gcc3
configure:4462: checking how to run the C preprocessor
configure:4493: gcc -E  conftest.c
configure:4493: $? = 0
configure:4507: gcc -E  conftest.c
conftest.c:11:10: fatal error: ac_nonexistent.h: No such file or directory
   11 | #include <ac_nonexistent.h>
      |          ^~~~~~~~~~~~~~~~~~
compilation terminated.
configure:4507: $? = 1
configure: failed program was:
| /* confdefs.h */
| #define PACKAGE_NAME "cgminer"
| #define PACKAGE_TARNAME "cgminer"
| #define PACKAGE_VERSION "3.7.2"
| #define PACKAGE_STRING "cgminer 3.7.2"
| #define PACKAGE_BUGREPORT "kernel@kolivas.org"
| #define PACKAGE_URL ""
| #define PACKAGE "cgminer"
| #define VERSION "3.7.2"
| /* end confdefs.h.  */
| #include <ac_nonexistent.h>
configure:4532: result: gcc -E
configure:4552: gcc -E  conftest.c
configure:4552: $? = 0
configure:4566: gcc -E  conftest.c
conftest.c:11:10: fatal error: ac_nonexistent.h: No such file or directory
   11 | #include <ac_nonexistent.h>
      |          ^~~~~~~~~~~~~~~~~~
compilation terminated.
configure:4566: $? = 1
configure: failed program was:
| /* confdefs.h */
| #define PACKAGE_NAME "cgminer"
| #define PACKAGE_TARNAME "cgminer"
| #define PACKAGE_VERSION "3.7.2"
| #define PACKAGE_STRING "cgminer 3.7.2"
| #define PACKAGE_BUGREPORT "kernel@kolivas.org"
| #define PACKAGE_URL ""
| #define PACKAGE "cgminer"
| #define VERSION "3.7.2"
| /* end confdefs.h.  */
| #include <ac_nonexistent.h>
configure:4595: checking for grep that handles long lines and -e
configure:4653: result: /usr/bin/grep
configure:4658: checking for egrep
configure:4720: result: /usr/bin/grep -E
configure:4725: checking for ANSI C header files
configure:4745: gcc -c -O2 -Wall -march=native -fcommon  conftest.c >&5
configure:4745: $? = 0
configure:4818: gcc -o conftest -O2 -Wall -march=native -fcommon   conftest.c  >&5
configure:4818: $? = 0
configure:4818: ./conftest
configure:4818: $? = 0
configure:4829: result: yes
configure:4842: checking for sys/types.h
configure:4842: gcc -c -O2 -Wall -march=native -fcommon  conftest.c >&5
configure:4842: $? = 0
configure:4842: result: yes
configure:4842: checking for sys/stat.h
configure:4842: gcc -c -O2 -Wall -march=native -fcommon  conftest.c >&5
configure:4842: $? = 0
configure:4842: result: yes
configure:4842: checking for stdlib.h
configure:4842: gcc -c -O2 -Wall -march=native -fcommon  conftest.c >&5
configure:4842: $? = 0
configure:4842: result: yes
configure:4842: checking for string.h
configure:4842: gcc -c -O2 -Wall -march=native -fcommon  conftest.c >&5
configure:4842: $? = 0
configure:4842: result: yes
configure:4842: checking for memory.h
configure:4842: gcc -c -O2 -Wall -march=native -fcommon  conftest.c >&5
configure:4842: $? = 0
configure:4842: result: yes
configure:4842: checking for strings.h
configure:4842: gcc -c -O2 -Wall -march=native -fcommon  conftest.c >&5
configure:4842: $? = 0
configure:4842: result: yes
configure:4842: checking for inttypes.h
configure:4842: gcc -c -O2 -Wall -march=native -fcommon  conftest.c >&5
configure:4842: $? = 0
configure:4842: result: yes
configure:4842: checking for stdint.h
configure:4842: gcc -c -O2 -Wall -march=native -fcommon  conftest.c >&5
configure:4842: $? = 0
configure:4842: result: yes
configure:4842: checking for unistd.h
configure:4842: gcc -c -O2 -Wall -march=native -fcommon  conftest.c >&5
configure:4842: $? = 0
configure:4842: result: yes
configure:4857: checking minix/config.h usability
configure:4857: gcc -c -O2 -Wall -march=native -fcommon  conftest.c >&5
conftest.c:54:10: fatal error: minix/config.h: No such file or directory
   54 | #include <minix/config.h>
      |          ^~~~~~~~~~~~~~~~
compilation terminated.
configure:4857: $? = 1
configure: failed program was:
| /* confdefs.h */
| #define PACKAGE_NAME "cgminer"
| #define PACKAGE_TARNAME "cgminer"
| #define PACKAGE_VERSION "3.7.2"
| #define PACKAGE_STRING "cgminer 3.7.2"
| #define PACKAGE_BUGREPORT "kernel@kolivas.org"
| #define PACKAGE_URL ""
| #define PACKAGE "cgminer"
| #define VERSION "3.7.2"
| #define STDC_HEADERS 1
| #define HAVE_SYS_TYPES_H 1
| #define HAVE_SYS_STAT_H 1
| #define HAVE_STDLIB_H 1
| #define HAVE_STRING_H 1
| #define HAVE_MEMORY_H 1
| #define HAVE_STRINGS_H 1
| #define HAVE_INTTYPES_H 1
| #define HAVE_STDINT_H 1
| #define HAVE_UNISTD_H 1
| /* end confdefs.h.  */
| #include <stdio.h>
| #ifdef HAVE_SYS_TYPES_H
| # include <sys/types.h>
| #endif
| #ifdef HAVE_SYS_STAT_H
| # include <sys/stat.h>
| #endif
| #ifdef STDC_HEADERS
| # include <stdlib.h>
| # include <stddef.h>
| #else
| # ifdef HAVE_STDLIB_H
| #  include <stdlib.h>
| # endif
| #endif
| #ifdef HAVE_STRING_H
| # if !defined STDC_HEADERS && defined HAVE_MEMORY_H
| #  include <memory.h>
| # endif
| # include <string.h>
| #endif
| #ifdef HAVE_STRINGS_H
| # include <strings.h>
| #endif
| #ifdef HAVE_INTTYPES_H
| # include <inttypes.h>
| #endif
| #ifdef HAVE_STDINT_H
| # include <stdint.h>
| #endif
| #ifdef HAVE_UNISTD_H
| # include <unistd.h>
| #endif
| #include <minix/config.h>
configure:4857: result: no
configure:4857: checking minix/config.h presence
configure:4857: gcc -E  conftest.c
conftest.c:21:10: fatal error: minix/config.h: No such file or directory
   21 | #include <minix/config.h>
      |          ^~~~~~~~~~~~~~~~
compilation terminated.
configure:4857: $? = 1
configure: failed program was:
| /* confdefs.h */
| #define PACKAGE_NAME "cgminer"
| #define PACKAGE_TARNAME "cgminer"
| #define PACKAGE_VERSION "3.7.2"
| #define PACKAGE_STRING "cgminer 3.7.2"
| #define PACKAGE_BUGREPORT "kernel@kolivas.org"
| #define PACKAGE_URL ""
| #define PACKAGE "cgminer"
| #define VERSION "3.7.2"
| #define STDC_HEADERS 1
| #define HAVE_SYS_TYPES_H 1
| #define HAVE_SYS_STAT_H 1
| #define HAVE_STDLIB_H 1
| #define HAVE_STRING_H 1
| #define HAVE_MEMORY_H 1
| #define HAVE_STRINGS_H 1
| #define HAVE_INTTYPES_H 1
| #define HAVE_STDINT_H 1
| #define HAVE_UNISTD_H 1
| /* end confdefs.h.  */
| #include <minix/config.h>
configure:4857: result: no
configure:4857: checking for minix/config.h
configure:4857: result: no
configure:4886: checking whether it is safe to define __EXTENSIONS__
configure:4904: gcc -c -O2 -Wall -march=native -fcommon  conftest.c >&5
configure:4904: $? = 0
configure:4911: result: yes
configure:4958: checking whether to enable maintainer-specific portions of Makefiles
configure:4967: result: no
configure:5029: checking for gcc
configure:5056: result: gcc
configure:5285: checking for C compiler version
configure:5294: gcc --version >&5
gcc (Debian 10.2.1-6) 10.2.1 20210110
Copyright (C) 2020 Free Software Foundation, Inc.
This is free software; see the source for copying conditions.  There is NO
warranty; not even for MERCHANTABILITY or FITNESS FOR A PARTICULAR PURPOSE.

configure:5305: $? = 0
configure:5294: gcc -v >&5
Using built-in specs.
COLLECT_GCC=gcc
COLLECT_LTO_WRAPPER=/usr/lib/gcc/aarch64-linux-gnu/10/lto-wrapper
Target: aarch64-linux-gnu
Configured with: ../src/configure -v --with-pkgversion='Debian 10.2.1-6' --with-bugurl=file:///usr/share/doc/gcc-10/README.Bugs --enable-languages=c,ada,c++,go,d,fortran,objc,obj-c++,m2 --prefix=/usr --with-gcc-major-version-only --program-suffix=-10 --program-prefix=aarch64-linux-gnu- --enable-shared --enable-linker-build-id --libexecdir=/usr/lib --without-included-gettext --enable-threads=posix --libdir=/usr/lib --enable-nls --enable-bootstrap --enable-clocale=gnu --enable-libstdcxx-debug --enable-libstdcxx-time=yes --with-default-libstdcxx-abi=new --enable-gnu-unique-object --disable-libquadmath --disable-libquadmath-support --enable-plugin --enable-default-pie --with-system-zlib --enable-libphobos-checking=release --with-target-system-zlib=auto --enable-objc-gc=auto --enable-multiarch --enable-fix-cortex-a53-843419 --disable-werror --enable-checking=release --build=aarch64-linux-gnu --host=aarch64-linux-gnu --target=aarch64-linux-gnu --with-build-config=bootstrap-lto-lean --enable-link-mutex
Thread model: posix
Supported LTO compression algorithms: zlib zstd
gcc version 10.2.1 20210110 (Debian 10.2.1-6) 
configure:5305: $? = 0
configure:5294: gcc -V >&5
gcc: error: unrecognized command-line option '-V'
gcc: fatal error: no input files
compilation terminated.
configure:5305: $? = 1
configure:5294: gcc -qversion >&5
gcc: error: unrecognized command-line option '-qversion'; did you mean '--version'?
gcc: fatal error: no input files
compilation terminated.
configure:5305: $? = 1
configure:5309: checking whether we are using the GNU C compiler
configure:5337: result: yes
configure:5346: checking whether gcc accepts -g
configure:5407: result: yes
configure:5424: checking for gcc option to accept ISO C89
configure:5500: result: none needed
configure:5522: checking dependency style of gcc
configure:5633: result: gcc3
configure:5691: checking for ranlib
configure:5707: found /usr/bin/ranlib
configure:5718: result: ranlib
configure:5766: checking whether gcc needs -traditional
configure:5800: result: no
configure:5808: checking whether gcc and cc understand -c and -o together
configure:5839: gcc -c conftest.c -o conftest2.o >&5
configure:5843: $? = 0
configure:5849: gcc -c conftest.c -o conftest2.o >&5
configure:5853: $? = 0
configure:5864: cc -c conftest.c >&5
configure:5868: $? = 0
configure:5876: cc -c conftest.c -o conftest2.o >&5
configure:5880: $? = 0
configure:5886: cc -c conftest.c -o conftest2.o >&5
configure:5890: $? = 0
configure:5908: result: yes
configure:5979: checking how to print strings
configure:6006: result: printf
configure:6027: checking for a sed that does not truncate output
configure:6091: result: /usr/bin/sed
configure:6109: checking for fgrep
configure:6171: result: /usr/bin/grep -F
configure:6206: checking for ld used by gcc
configure:6273: result: /usr/bin/ld
configure:6280: checking if the linker (/usr/bin/ld) is GNU ld
configure:6295: result: yes
configure:6307: checking for BSD- or MS-compatible name lister (nm)
configure:6356: result: /usr/bin/nm -B
configure:6486: checking the name lister (/usr/bin/nm -B) interface
configure:6493: gcc -c -O2 -Wall -march=native -fcommon  conftest.c >&5
configure:6496: /usr/bin/nm -B "conftest.o"
configure:6499: output
0000000000000000 B some_variable
configure:6506: result: BSD nm
configure:6509: checking whether ln -s works
configure:6513: result: yes
configure:6521: checking the maximum length of command line arguments
configure:6651: result: 1572864
configure:6668: checking whether the shell understands some XSI constructs
configure:6678: result: yes
configure:6682: checking whether the shell understands "+="
configure:6688: result: yes
configure:6723: checking how to convert aarch64-unknown-linux-gnu file names to aarch64-unknown-linux-gnu format
configure:6763: result: func_convert_file_noop
configure:6770: checking how to convert aarch64-unknown-linux-gnu file names to toolchain format
configure:6790: result: func_convert_file_noop
configure:6797: checking for /usr/bin/ld option to reload object files
configure:6804: result: -r
configure:6878: checking for objdump
configure:6894: found /usr/bin/objdump
configure:6905: result: objdump
configure:6937: checking how to recognize dependent libraries
configure:7135: result: pass_all
configure:7220: checking for dlltool
configure:7250: result: no
configure:7280: checking how to associate runtime and link libraries
configure:7307: result: printf %s\n
configure:7367: checking for ar
configure:7383: found /usr/bin/ar
configure:7394: result: ar
configure:7431: checking for archiver @FILE support
configure:7448: gcc -c -O2 -Wall -march=native -fcommon  conftest.c >&5
configure:7448: $? = 0
configure:7451: ar cru libconftest.a @conftest.lst >&5
ar: `u' modifier ignored since `D' is the default (see `U')
configure:7454: $? = 0
configure:7459: ar cru libconftest.a @conftest.lst >&5
ar: `u' modifier ignored since `D' is the default (see `U')
ar: conftest.o: No such file or directory
configure:7462: $? = 1
configure:7474: result: @
configure:7532: checking for strip
configure:7548: found /usr/bin/strip
configure:7559: result: strip
configure:7631: checking for ranlib
configure:7658: result: ranlib
configure:7760: checking command to parse /usr/bin/nm -B output from gcc object
configure:7880: gcc -c -O2 -Wall -march=native -fcommon  conftest.c >&5
configure:7883: $? = 0
configure:7887: /usr/bin/nm -B conftest.o \| sed -n -e 's/^.*[ ]\([ABCDGIRSTW][ABCDGIRSTW]*\)[ ][ ]*\([_A-Za-z][_A-Za-z0-9]*\)$/\1 \2 \2/p' | sed '/ __gnu_lto/d' \> conftest.nm
configure:7890: $? = 0
configure:7956: gcc -o conftest -O2 -Wall -march=native -fcommon   conftest.c conftstm.o >&5
configure:7959: $? = 0
configure:7997: result: ok
configure:8034: checking for sysroot
configure:8064: result: no
configure:8320: checking for mt
configure:8336: found /usr/bin/mt
configure:8347: result: mt
configure:8370: checking if mt is a manifest tool
configure:8376: mt '-?'
configure:8384: result: no
configure:9023: checking for dlfcn.h
configure:9023: gcc -c -O2 -Wall -march=native -fcommon  conftest.c >&5
configure:9023: $? = 0
configure:9023: result: yes
configure:9228: checking for objdir
configure:9243: result: .libs
configure:9514: checking if gcc supports -fno-rtti -fno-exceptions
configure:9532: gcc -c -O2 -Wall -march=native -fcommon  -fno-rtti -fno-exceptions conftest.c >&5
cc1: warning: command-line option '-fno-rtti' is valid for C++/D/ObjC++ but not for C
configure:9536: $? = 0
configure:9549: result: no
configure:9876: checking for gcc option to produce PIC
configure:9883: result: -fPIC -DPIC
configure:9891: checking if gcc PIC flag -fPIC -DPIC works
configure:9909: gcc -c -O2 -Wall -march=native -fcommon  -fPIC -DPIC -DPIC conftest.c >&5
configure:9913: $? = 0
configure:9926: result: yes
configure:9955: checking if gcc static flag -static works
configure:9983: result: yes
configure:9998: checking if gcc supports -c -o file.o
configure:10019: gcc -c -O2 -Wall -march=native -fcommon  -o out/conftest2.o conftest.c >&5
configure:10023: $? = 0
configure:10045: result: yes
configure:10053: checking if gcc supports -c -o file.o
configure:10100: result: yes
configure:10133: checking whether the gcc linker (/usr/bin/ld) supports shared libraries
configure:11290: result: yes
configure:11530: checking dynamic linker characteristics
configure:12030: gcc -o conftest -O2 -Wall -march=native -fcommon   -Wl,-rpath -Wl,/foo conftest.c  >&5
configure:12030: $? = 0
configure:12264: result: GNU/Linux ld.so
configure:12371: checking how to hardcode library paths into programs
configure:12396: result: immediate
configure:12936: checking whether stripping libraries is possible
configure:12941: result: yes
configure:12976: checking if libtool supports shared libraries
configure:12978: result: yes
configure:12981: checking whether to build shared libraries
configure:13002: result: no
configure:13005: checking whether to build static libraries
configure:13009: result: yes
configure:13061: checking sys/mman.h usability
configure:13061: gcc -c -O2 -Wall -march=native -fcommon  conftest.c >&5
configure:13061: $? = 0
configure:13061: result: yes
configure:13061: checking sys/mman.h presence
configure:13061: gcc -E  conftest.c
configure:13061: $? = 0
configure:13061: result: yes
configure:13061: checking for sys/mman.h
configure:13061: result: yes
configure:13061: checking wchar.h usability
configure:13061: gcc -c -O2 -Wall -march=native -fcommon  conftest.c >&5
configure:13061: $? = 0
configure:13061: result: yes
configure:13061: checking wchar.h presence
configure:13061: gcc -E  conftest.c
configure:13061: $? = 0
configure:13061: result: yes
configure:13061: checking for wchar.h
configure:13061: result: yes
configure:13061: checking for stdint.h
configure:13061: result: yes
configure:13082: checking for mprotect
configure:13082: gcc -o conftest -O2 -Wall -march=native -fcommon   conftest.c  >&5
configure:13082: $? = 0
configure:13082: result: yes
configure:13082: checking for sigaction
configure:13082: gcc -o conftest -O2 -Wall -march=native -fcommon   conftest.c  >&5
configure:13082: $? = 0
configure:13082: result: yes
configure:13082: checking for sigaltstack
configure:13082: gcc -o conftest -O2 -Wall -march=native -fcommon   conftest.c  >&5
configure:13082: $? = 0
configure:13082: result: yes
configure:13082: checking for siginterrupt
configure:13082: gcc -o conftest -O2 -Wall -march=native -fcommon   conftest.c  >&5
configure:13082: $? = 0
configure:13082: result: yes
configure:13173: checking for mmap
configure:13173: gcc -o conftest -O2 -Wall -march=native -fcommon   conftest.c  >&5
configure:13173: $? = 0
configure:13173: result: yes
configure:13184: checking for MAP_ANONYMOUS
configure:13221: result: yes
configure:13255: checking whether memchr works
configure:13318: gcc -o conftest -O2 -Wall -march=native -fcommon   conftest.c  >&5
configure:13318: $? = 0
configure:13318: ./conftest
configure:13318: $? = 0
configure:13328: result: yes
configure:13336: checking whether memmem is declared
configure:13336: gcc -c -O2 -Wall -march=native -fcommon  conftest.c >&5
configure:13336: $? = 0
configure:13336: result: yes
configure:13354: checking for memmem
configure:13354: gcc -o conftest -O2 -Wall -march=native -fcommon   conftest.c  >&5
configure:13354: $? = 0
configure:13354: result: yes
configure:13378: checking whether memmem works
configure:13442: gcc -o conftest -O2 -Wall -march=native -fcommon   conftest.c  >&5
conftest.c: In function 'main':
conftest.c:57:11: warning: null argument where non-null required (argument 3) [-Wnonnull]
   57 |       if (memmem (haystack, 3, NULL, 0) != haystack)
      |           ^~~~~~
configure:13442: $? = 0
configure:13442: ./conftest
configure:13442: $? = 0
configure:13453: result: yes
configure:13471: gcc -c -O2 -Wall -march=native -fcommon  conftest.c >&5
conftest.c:42:10: error: unknown type name 'not'
   42 |          not a universal capable compiler
      |          ^~~
conftest.c:42:16: error: expected '=', ',', ';', 'asm' or '__attribute__' before 'universal'
   42 |          not a universal capable compiler
      |                ^~~~~~~~~
conftest.c:42:16: error: unknown type name 'universal'
configure:13471: $? = 1
configure: failed program was:
| /* confdefs.h */
| #define PACKAGE_NAME "cgminer"
| #define PACKAGE_TARNAME "cgminer"
| #define PACKAGE_VERSION "3.7.2"
| #define PACKAGE_STRING "cgminer 3.7.2"
| #define PACKAGE_BUGREPORT "kernel@kolivas.org"
| #define PACKAGE_URL ""
| #define PACKAGE "cgminer"
| #define VERSION "3.7.2"
| #define STDC_HEADERS 1
| #define HAVE_SYS_TYPES_H 1
| #define HAVE_SYS_STAT_H 1
| #define HAVE_STDLIB_H 1
| #define HAVE_STRING_H 1
| #define HAVE_MEMORY_H 1
| #define HAVE_STRINGS_H 1
| #define HAVE_INTTYPES_H 1
| #define HAVE_STDINT_H 1
| #define HAVE_UNISTD_H 1
| #define __EXTENSIONS__ 1
| #define _ALL_SOURCE 1
| #define _GNU_SOURCE 1
| #define _POSIX_PTHREAD_SEMANTICS 1
| #define _TANDEM_SOURCE 1
| #define CGMINER_MAJOR_VERSION 3
| #define CGMINER_MINOR_VERSION 7
| #define CGMINER_MINOR_SUBVERSION 2
| #define HAVE_DLFCN_H 1
| #define LT_OBJDIR ".libs/"
| #define HAVE_SYS_MMAN_H 1
| #define HAVE_WCHAR_H 1
| #define HAVE_STDINT_H 1
| #define HAVE_MPROTECT 1
| #define HAVE_SIGACTION 1
| #define HAVE_SIGALTSTACK 1
| #define HAVE_SIGINTERRUPT 1
| #define HAVE_MAP_ANONYMOUS 1
| #define HAVE_DECL_MEMMEM 1
| #define HAVE_MEMMEM 1
| /* end confdefs.h.  */
| #ifndef __APPLE_CC__
|          not a universal capable compiler
|         #endif
|         typedef int dummy;
| 
configure:13522: checking for C/C++ restrict keyword
configure:13547: gcc -c -O2 -Wall -march=native -fcommon  conftest.c >&5
configure:13547: $? = 0
configure:13555: result: __restrict
configure:13568: checking for uid_t in sys/types.h
configure:13587: result: yes
configure:13598: checking for inline
configure:13614: gcc -c -O2 -Wall -march=native -fcommon  conftest.c >&5
configure:13614: $? = 0
configure:13622: result: inline
configure:13655: checking whether the preprocessor supports include_next
configure:13693: gcc -c -O2 -Wall -march=native -fcommon  -Iconftestd1b -Iconftestd2 conftest.c >&5
configure:13693: $? = 0
configure:13714: result: yes
configure:13735: checking whether system header files limit the line length
configure:13758: result: no
configure:13772: checking for wchar_t
configure:13789: gcc -c -O2 -Wall -march=native -fcommon  conftest.c >&5
configure:13789: $? = 0
configure:13796: result: yes
configure:13805: checking for unsigned long long int
configure:13844: gcc -o conftest -O2 -Wall -march=native -fcommon   conftest.c  >&5
configure:13844: $? = 0
configure:13853: result: yes
configure:13863: checking for long long int
configure:13901: gcc -o conftest -O2 -Wall -march=native -fcommon   conftest.c  >&5
configure:13901: $? = 0
configure:13901: ./conftest
configure:13901: $? = 0
configure:13913: result: yes
configure:14050: checking whether stdint.h conforms to C99
configure:14221: gcc -c -O2 -Wall -march=native -fcommon  conftest.c >&5
configure:14221: $? = 0
configure:14303: gcc -o conftest -O2 -Wall -march=native -fcommon   conftest.c  >&5
configure:14303: $? = 0
configure:14303: ./conftest
configure:14303: $? = 0
configure:14315: result: yes
configure:14714: checking whether memmem is declared without a macro
configure:14732: gcc -c -O2 -Wall -march=native -fcommon  conftest.c >&5
configure:14732: $? = 0
configure:14740: result: yes
configure:14714: checking whether mempcpy is declared without a macro
configure:14732: gcc -c -O2 -Wall -march=native -fcommon  conftest.c >&5
configure:14732: $? = 0
configure:14740: result: yes
configure:14714: checking whether memrchr is declared without a macro
configure:14732: gcc -c -O2 -Wall -march=native -fcommon  conftest.c >&5
configure:14732: $? = 0
configure:14740: result: yes
configure:14714: checking whether rawmemchr is declared without a macro
configure:14732: gcc -c -O2 -Wall -march=native -fcommon  conftest.c >&5
configure:14732: $? = 0
configure:14740: result: yes
configure:14714: checking whether stpcpy is declared without a macro
configure:14732: gcc -c -O2 -Wall -march=native -fcommon  conftest.c >&5
configure:14732: $? = 0
configure:14740: result: yes
configure:14714: checking whether stpncpy is declared without a macro
configure:14732: gcc -c -O2 -Wall -march=native -fcommon  conftest.c >&5
configure:14732: $? = 0
configure:14740: result: yes
configure:14714: checking whether strchrnul is declared without a macro
configure:14732: gcc -c -O2 -Wall -march=native -fcommon  conftest.c >&5
configure:14732: $? = 0
configure:14740: result: yes
configure:14714: checking whether strdup is declared without a macro
configure:14732: gcc -c -O2 -Wall -march=native -fcommon  conftest.c >&5
configure:14732: $? = 0
configure:14740: result: yes
configure:14714: checking whether strncat is declared without a macro
configure:14732: gcc -c -O2 -Wall -march=native -fcommon  conftest.c >&5
configure:14732: $? = 0
configure:14740: result: yes
configure:14714: checking whether strndup is declared without a macro
configure:14732: gcc -c -O2 -Wall -march=native -fcommon  conftest.c >&5
configure:14732: $? = 0
configure:14740: result: yes
configure:14714: checking whether strnlen is declared without a macro
configure:14732: gcc -c -O2 -Wall -march=native -fcommon  conftest.c >&5
configure:14732: $? = 0
configure:14740: result: yes
configure:14714: checking whether strpbrk is declared without a macro
configure:14732: gcc -c -O2 -Wall -march=native -fcommon  conftest.c >&5
configure:14732: $? = 0
configure:14740: result: yes
configure:14714: checking whether strsep is declared without a macro
configure:14732: gcc -c -O2 -Wall -march=native -fcommon  conftest.c >&5
configure:14732: $? = 0
configure:14740: result: yes
configure:14714: checking whether strcasestr is declared without a macro
configure:14732: gcc -c -O2 -Wall -march=native -fcommon  conftest.c >&5
configure:14732: $? = 0
configure:14740: result: yes
configure:14714: checking whether strtok_r is declared without a macro
configure:14732: gcc -c -O2 -Wall -march=native -fcommon  conftest.c >&5
configure:14732: $? = 0
configure:14740: result: yes
configure:14714: checking whether strerror_r is declared without a macro
configure:14732: gcc -c -O2 -Wall -march=native -fcommon  conftest.c >&5
configure:14732: $? = 0
configure:14740: result: yes
configure:14714: checking whether strsignal is declared without a macro
configure:14732: gcc -c -O2 -Wall -march=native -fcommon  conftest.c >&5
configure:14732: $? = 0
configure:14740: result: yes
configure:14714: checking whether strverscmp is declared without a macro
configure:14732: gcc -c -O2 -Wall -march=native -fcommon  conftest.c >&5
configure:14732: $? = 0
configure:14740: result: yes
configure:14820: checking whether memmem works in linear time
configure:14891: gcc -o conftest -O2 -Wall -march=native -fcommon   conftest.c  >&5
configure:14891: $? = 0
configure:14891: ./conftest
configure:14891: $? = 0
configure:14902: result: yes
configure:14927: checking for memmem
configure:14927: result: yes
configure:14951: checking whether memmem works
configure:15026: result: yes
configure:15072: checking for struct sigaction.sa_sigaction
configure:15072: gcc -c -O2 -Wall -march=native -fcommon  conftest.c >&5
configure:15072: $? = 0
configure:15072: result: yes
configure:15207: checking for volatile sig_atomic_t
configure:15207: gcc -c -O2 -Wall -march=native -fcommon  conftest.c >&5
configure:15207: $? = 0
configure:15207: gcc -c -O2 -Wall -march=native -fcommon  conftest.c >&5
conftest.c: In function 'main':
conftest.c:75:36: error: expected expression before ')' token
   75 | if (sizeof ((volatile sig_atomic_t)))
      |                                    ^
configure:15207: $? = 1
configure: failed program was:
| /* confdefs.h */
| #define PACKAGE_NAME "cgminer"
| #define PACKAGE_TARNAME "cgminer"
| #define PACKAGE_VERSION "3.7.2"
| #define PACKAGE_STRING "cgminer 3.7.2"
| #define PACKAGE_BUGREPORT "kernel@kolivas.org"
| #define PACKAGE_URL ""
| #define PACKAGE "cgminer"
| #define VERSION "3.7.2"
| #define STDC_HEADERS 1
| #define HAVE_SYS_TYPES_H 1
| #define HAVE_SYS_STAT_H 1
| #define HAVE_STDLIB_H 1
| #define HAVE_STRING_H 1
| #define HAVE_MEMORY_H 1
| #define HAVE_STRINGS_H 1
| #define HAVE_INTTYPES_H 1
| #define HAVE_STDINT_H 1
| #define HAVE_UNISTD_H 1
| #define __EXTENSIONS__ 1
| #define _ALL_SOURCE 1
| #define _GNU_SOURCE 1
| #define _POSIX_PTHREAD_SEMANTICS 1
| #define _TANDEM_SOURCE 1
| #define CGMINER_MAJOR_VERSION 3
| #define CGMINER_MINOR_VERSION 7
| #define CGMINER_MINOR_SUBVERSION 2
| #define HAVE_DLFCN_H 1
| #define LT_OBJDIR ".libs/"
| #define HAVE_SYS_MMAN_H 1
| #define HAVE_WCHAR_H 1
| #define HAVE_STDINT_H 1
| #define HAVE_MPROTECT 1
| #define HAVE_SIGACTION 1
| #define HAVE_SIGALTSTACK 1
| #define HAVE_SIGINTERRUPT 1
| #define HAVE_MAP_ANONYMOUS 1
| #define HAVE_DECL_MEMMEM 1
| #define HAVE_MEMMEM 1
| #define restrict __restrict
| #define HAVE_WCHAR_T 1
| #define HAVE_UNSIGNED_LONG_LONG_INT 1
| #define HAVE_LONG_LONG_INT 1
| #define HAVE_RAW_DECL_MEMMEM 1
| #define HAVE_RAW_DECL_MEMPCPY 1
| #define HAVE_RAW_DECL_MEMRCHR 1
| #define HAVE_RAW_DECL_RAWMEMCHR 1
| #define HAVE_RAW_DECL_STPCPY 1
| #define HAVE_RAW_DECL_STPNCPY 1
| #define HAVE_RAW_DECL_STRCHRNUL 1
| #define HAVE_RAW_DECL_STRDUP 1
| #define HAVE_RAW_DECL_STRNCAT 1
| #define HAVE_RAW_DECL_STRNDUP 1
| #define HAVE_RAW_DECL_STRNLEN 1
| #define HAVE_RAW_DECL_STRPBRK 1
| #define HAVE_RAW_DECL_STRSEP 1
| #define HAVE_RAW_DECL_STRCASESTR 1
| #define HAVE_RAW_DECL_STRTOK_R 1
| #define HAVE_RAW_DECL_STRERROR_R 1
| #define HAVE_RAW_DECL_STRSIGNAL 1
| #define HAVE_RAW_DECL_STRVERSCMP 1
| #define GNULIB_TEST_MEMCHR 1
| #define HAVE_MEMMEM 1
| #define GNULIB_TEST_MEMMEM 1
| #define HAVE_STRUCT_SIGACTION_SA_SIGACTION 1
| #define GNULIB_TEST_SIGACTION 1
| /* end confdefs.h.  */
| 
| #include <signal.h>
| 
| 
| int
| main ()
| {
| if (sizeof ((volatile sig_atomic_t)))
| 	    return 0;
|   ;
|   return 0;
| }
configure:15207: result: yes
configure:15221: checking for sighandler_t
configure:15221: gcc -c -O2 -Wall -march=native -fcommon  conftest.c >&5
configure:15221: $? = 0
configure:15221: gcc -c -O2 -Wall -march=native -fcommon  conftest.c >&5
conftest.c: In function 'main':
conftest.c:75:27: error: expected expression before ')' token
   75 | if (sizeof ((sighandler_t)))
      |                           ^
configure:15221: $? = 1
configure: failed program was:
| /* confdefs.h */
| #define PACKAGE_NAME "cgminer"
| #define PACKAGE_TARNAME "cgminer"
| #define PACKAGE_VERSION "3.7.2"
| #define PACKAGE_STRING "cgminer 3.7.2"
| #define PACKAGE_BUGREPORT "kernel@kolivas.org"
| #define PACKAGE_URL ""
| #define PACKAGE "cgminer"
| #define VERSION "3.7.2"
| #define STDC_HEADERS 1
| #define HAVE_SYS_TYPES_H 1
| #define HAVE_SYS_STAT_H 1
| #define HAVE_STDLIB_H 1
| #define HAVE_STRING_H 1
| #define HAVE_MEMORY_H 1
| #define HAVE_STRINGS_H 1
| #define HAVE_INTTYPES_H 1
| #define HAVE_STDINT_H 1
| #define HAVE_UNISTD_H 1
| #define __EXTENSIONS__ 1
| #define _ALL_SOURCE 1
| #define _GNU_SOURCE 1
| #define _POSIX_PTHREAD_SEMANTICS 1
| #define _TANDEM_SOURCE 1
| #define CGMINER_MAJOR_VERSION 3
| #define CGMINER_MINOR_VERSION 7
| #define CGMINER_MINOR_SUBVERSION 2
| #define HAVE_DLFCN_H 1
| #define LT_OBJDIR ".libs/"
| #define HAVE_SYS_MMAN_H 1
| #define HAVE_WCHAR_H 1
| #define HAVE_STDINT_H 1
| #define HAVE_MPROTECT 1
| #define HAVE_SIGACTION 1
| #define HAVE_SIGALTSTACK 1
| #define HAVE_SIGINTERRUPT 1
| #define HAVE_MAP_ANONYMOUS 1
| #define HAVE_DECL_MEMMEM 1
| #define HAVE_MEMMEM 1
| #define restrict __restrict
| #define HAVE_WCHAR_T 1
| #define HAVE_UNSIGNED_LONG_LONG_INT 1
| #define HAVE_LONG_LONG_INT 1
| #define HAVE_RAW_DECL_MEMMEM 1
| #define HAVE_RAW_DECL_MEMPCPY 1
| #define HAVE_RAW_DECL_MEMRCHR 1
| #define HAVE_RAW_DECL_RAWMEMCHR 1
| #define HAVE_RAW_DECL_STPCPY 1
| #define HAVE_RAW_DECL_STPNCPY 1
| #define HAVE_RAW_DECL_STRCHRNUL 1
| #define HAVE_RAW_DECL_STRDUP 1
| #define HAVE_RAW_DECL_STRNCAT 1
| #define HAVE_RAW_DECL_STRNDUP 1
| #define HAVE_RAW_DECL_STRNLEN 1
| #define HAVE_RAW_DECL_STRPBRK 1
| #define HAVE_RAW_DECL_STRSEP 1
| #define HAVE_RAW_DECL_STRCASESTR 1
| #define HAVE_RAW_DECL_STRTOK_R 1
| #define HAVE_RAW_DECL_STRERROR_R 1
| #define HAVE_RAW_DECL_STRSIGNAL 1
| #define HAVE_RAW_DECL_STRVERSCMP 1
| #define GNULIB_TEST_MEMCHR 1
| #define HAVE_MEMMEM 1
| #define GNULIB_TEST_MEMMEM 1
| #define HAVE_STRUCT_SIGACTION_SA_SIGACTION 1
| #define GNULIB_TEST_SIGACTION 1
| /* end confdefs.h.  */
| 
| #include <signal.h>
| 
| 
| int
| main ()
| {
| if (sizeof ((sighandler_t)))
| 	    return 0;
|   ;
|   return 0;
| }
configure:15221: result: yes
configure:15235: checking whether sigaction is declared without a macro
configure:15253: gcc -c -O2 -Wall -march=native -fcommon  conftest.c >&5
configure:15253: $? = 0
configure:15261: result: yes
configure:15235: checking whether sigaddset is declared without a macro
configure:15253: gcc -c -O2 -Wall -march=native -fcommon  conftest.c >&5
configure:15253: $? = 0
configure:15261: result: yes
configure:15235: checking whether sigdelset is declared without a macro
configure:15253: gcc -c -O2 -Wall -march=native -fcommon  conftest.c >&5
configure:15253: $? = 0
configure:15261: result: yes
configure:15235: checking whether sigemptyset is declared without a macro
configure:15253: gcc -c -O2 -Wall -march=native -fcommon  conftest.c >&5
configure:15253: $? = 0
configure:15261: result: yes
configure:15235: checking whether sigfillset is declared without a macro
configure:15253: gcc -c -O2 -Wall -march=native -fcommon  conftest.c >&5
configure:15253: $? = 0
configure:15261: result: yes
configure:15235: checking whether sigismember is declared without a macro
configure:15253: gcc -c -O2 -Wall -march=native -fcommon  conftest.c >&5
configure:15253: $? = 0
configure:15261: result: yes
configure:15235: checking whether sigpending is declared without a macro
configure:15253: gcc -c -O2 -Wall -march=native -fcommon  conftest.c >&5
configure:15253: $? = 0
configure:15261: result: yes
configure:15235: checking whether sigprocmask is declared without a macro
configure:15253: gcc -c -O2 -Wall -march=native -fcommon  conftest.c >&5
configure:15253: $? = 0
configure:15261: result: yes
configure:15290: checking for sigprocmask
configure:15290: gcc -o conftest -O2 -Wall -march=native -fcommon   conftest.c  >&5
configure:15290: $? = 0
configure:15290: result: yes
configure:15357: checking whether NULL can be used in arbitrary expressions
configure:15375: gcc -c -O2 -Wall -march=native -fcommon  conftest.c >&5
configure:15375: $? = 0
configure:15382: result: yes
configure:15497: checking for ANSI C header files
configure:15601: result: yes
configure:15611: checking syslog.h usability
configure:15611: gcc -c -O2 -Wall -march=native -fcommon  conftest.c >&5
configure:15611: $? = 0
configure:15611: result: yes
configure:15611: checking syslog.h presence
configure:15611: gcc -E  conftest.c
configure:15611: $? = 0
configure:15611: result: yes
configure:15611: checking for syslog.h
configure:15611: result: yes
configure:15622: checking for size_t
configure:15622: gcc -c -O2 -Wall -march=native -fcommon  conftest.c >&5
configure:15622: $? = 0
configure:15622: gcc -c -O2 -Wall -march=native -fcommon  conftest.c >&5
conftest.c: In function 'main':
conftest.c:115:21: error: expected expression before ')' token
  115 | if (sizeof ((size_t)))
      |                     ^
configure:15622: $? = 1
configure: failed program was:
| /* confdefs.h */
| #define PACKAGE_NAME "cgminer"
| #define PACKAGE_TARNAME "cgminer"
| #define PACKAGE_VERSION "3.7.2"
| #define PACKAGE_STRING "cgminer 3.7.2"
| #define PACKAGE_BUGREPORT "kernel@kolivas.org"
| #define PACKAGE_URL ""
| #define PACKAGE "cgminer"
| #define VERSION "3.7.2"
| #define STDC_HEADERS 1
| #define HAVE_SYS_TYPES_H 1
| #define HAVE_SYS_STAT_H 1
| #define HAVE_STDLIB_H 1
| #define HAVE_STRING_H 1
| #define HAVE_MEMORY_H 1
| #define HAVE_STRINGS_H 1
| #define HAVE_INTTYPES_H 1
| #define HAVE_STDINT_H 1
| #define HAVE_UNISTD_H 1
| #define __EXTENSIONS__ 1
| #define _ALL_SOURCE 1
| #define _GNU_SOURCE 1
| #define _POSIX_PTHREAD_SEMANTICS 1
| #define _TANDEM_SOURCE 1
| #define CGMINER_MAJOR_VERSION 3
| #define CGMINER_MINOR_VERSION 7
| #define CGMINER_MINOR_SUBVERSION 2
| #define HAVE_DLFCN_H 1
| #define LT_OBJDIR ".libs/"
| #define HAVE_SYS_MMAN_H 1
| #define HAVE_WCHAR_H 1
| #define HAVE_STDINT_H 1
| #define HAVE_MPROTECT 1
| #define HAVE_SIGACTION 1
| #define HAVE_SIGALTSTACK 1
| #define HAVE_SIGINTERRUPT 1
| #define HAVE_MAP_ANONYMOUS 1
| #define HAVE_DECL_MEMMEM 1
| #define HAVE_MEMMEM 1
| #define restrict __restrict
| #define HAVE_WCHAR_T 1
| #define HAVE_UNSIGNED_LONG_LONG_INT 1
| #define HAVE_LONG_LONG_INT 1
| #define HAVE_RAW_DECL_MEMMEM 1
| #define HAVE_RAW_DECL_MEMPCPY 1
| #define HAVE_RAW_DECL_MEMRCHR 1
| #define HAVE_RAW_DECL_RAWMEMCHR 1
| #define HAVE_RAW_DECL_STPCPY 1
| #define HAVE_RAW_DECL_STPNCPY 1
| #define HAVE_RAW_DECL_STRCHRNUL 1
| #define HAVE_RAW_DECL_STRDUP 1
| #define HAVE_RAW_DECL_STRNCAT 1
| #define HAVE_RAW_DECL_STRNDUP 1
| #define HAVE_RAW_DECL_STRNLEN 1
| #define HAVE_RAW_DECL_STRPBRK 1
| #define HAVE_RAW_DECL_STRSEP 1
| #define HAVE_RAW_DECL_STRCASESTR 1
| #define HAVE_RAW_DECL_STRTOK_R 1
| #define HAVE_RAW_DECL_STRERROR_R 1
| #define HAVE_RAW_DECL_STRSIGNAL 1
| #define HAVE_RAW_DECL_STRVERSCMP 1
| #define GNULIB_TEST_MEMCHR 1
| #define HAVE_MEMMEM 1
| #define GNULIB_TEST_MEMMEM 1
| #define HAVE_STRUCT_SIGACTION_SA_SIGACTION 1
| #define GNULIB_TEST_SIGACTION 1
| #define HAVE_RAW_DECL_SIGACTION 1
| #define HAVE_RAW_DECL_SIGADDSET 1
| #define HAVE_RAW_DECL_SIGDELSET 1
| #define HAVE_RAW_DECL_SIGEMPTYSET 1
| #define HAVE_RAW_DECL_SIGFILLSET 1
| #define HAVE_RAW_DECL_SIGISMEMBER 1
| #define HAVE_RAW_DECL_SIGPENDING 1
| #define HAVE_RAW_DECL_SIGPROCMASK 1
| #define GNULIB_TEST_SIGPROCMASK 1
| #define STDC_HEADERS 1
| #define HAVE_SYSLOG_H 1
| /* end confdefs.h.  */
| #include <stdio.h>
| #ifdef HAVE_SYS_TYPES_H
| # include <sys/types.h>
| #endif
| #ifdef HAVE_SYS_STAT_H
| # include <sys/stat.h>
| #endif
| #ifdef STDC_HEADERS
| # include <stdlib.h>
| # include <stddef.h>
| #else
| # ifdef HAVE_STDLIB_H
| #  include <stdlib.h>
| # endif
| #endif
| #ifdef HAVE_STRING_H
| # if !defined STDC_HEADERS && defined HAVE_MEMORY_H
| #  include <memory.h>
| # endif
| # include <string.h>
| #endif
| #ifdef HAVE_STRINGS_H
| # include <strings.h>
| #endif
| #ifdef HAVE_INTTYPES_H
| # include <inttypes.h>
| #endif
| #ifdef HAVE_STDINT_H
| # include <stdint.h>
| #endif
| #ifdef HAVE_UNISTD_H
| # include <unistd.h>
| #endif
| int
| main ()
| {
| if (sizeof ((size_t)))
| 	    return 0;
|   ;
|   return 0;
| }
configure:15622: result: yes
configure:15635: checking for working alloca.h
configure:15652: gcc -o conftest -O2 -Wall -march=native -fcommon   conftest.c  >&5
configure:15652: $? = 0
configure:15660: result: yes
configure:15668: checking for alloca
configure:15705: gcc -o conftest -O2 -Wall -march=native -fcommon   conftest.c  >&5
configure:15705: $? = 0
configure:15713: result: yes
configure:16016: checking for pthread_create in -lpthread
configure:16041: gcc -o conftest -O2 -Wall -march=native -fcommon   conftest.c -lpthread   >&5
configure:16041: $? = 0
configure:16050: result: yes
configure:16392: checking for library containing addstr
configure:16423: gcc -o conftest -O2 -Wall -march=native -fcommon   conftest.c -lpthread  >&5
/usr/bin/ld: /tmp/ccuVxATk.o: in function `main':
conftest.c:(.text.startup+0x8): undefined reference to `addstr'
collect2: error: ld returned 1 exit status
configure:16423: $? = 1
configure: failed program was:
| /* confdefs.h */
| #define PACKAGE_NAME "cgminer"
| #define PACKAGE_TARNAME "cgminer"
| #define PACKAGE_VERSION "3.7.2"
| #define PACKAGE_STRING "cgminer 3.7.2"
| #define PACKAGE_BUGREPORT "kernel@kolivas.org"
| #define PACKAGE_URL ""
| #define PACKAGE "cgminer"
| #define VERSION "3.7.2"
| #define STDC_HEADERS 1
| #define HAVE_SYS_TYPES_H 1
| #define HAVE_SYS_STAT_H 1
| #define HAVE_STDLIB_H 1
| #define HAVE_STRING_H 1
| #define HAVE_MEMORY_H 1
| #define HAVE_STRINGS_H 1
| #define HAVE_INTTYPES_H 1
| #define HAVE_STDINT_H 1
| #define HAVE_UNISTD_H 1
| #define __EXTENSIONS__ 1
| #define _ALL_SOURCE 1
| #define _GNU_SOURCE 1
| #define _POSIX_PTHREAD_SEMANTICS 1
| #define _TANDEM_SOURCE 1
| #define CGMINER_MAJOR_VERSION 3
| #define CGMINER_MINOR_VERSION 7
| #define CGMINER_MINOR_SUBVERSION 2
| #define HAVE_DLFCN_H 1
| #define LT_OBJDIR ".libs/"
| #define HAVE_SYS_MMAN_H 1
| #define HAVE_WCHAR_H 1
| #define HAVE_STDINT_H 1
| #define HAVE_MPROTECT 1
| #define HAVE_SIGACTION 1
| #define HAVE_SIGALTSTACK 1
| #define HAVE_SIGINTERRUPT 1
| #define HAVE_MAP_ANONYMOUS 1
| #define HAVE_DECL_MEMMEM 1
| #define HAVE_MEMMEM 1
| #define restrict __restrict
| #define HAVE_WCHAR_T 1
| #define HAVE_UNSIGNED_LONG_LONG_INT 1
| #define HAVE_LONG_LONG_INT 1
| #define HAVE_RAW_DECL_MEMMEM 1
| #define HAVE_RAW_DECL_MEMPCPY 1
| #define HAVE_RAW_DECL_MEMRCHR 1
| #define HAVE_RAW_DECL_RAWMEMCHR 1
| #define HAVE_RAW_DECL_STPCPY 1
| #define HAVE_RAW_DECL_STPNCPY 1
| #define HAVE_RAW_DECL_STRCHRNUL 1
| #define HAVE_RAW_DECL_STRDUP 1
| #define HAVE_RAW_DECL_STRNCAT 1
| #define HAVE_RAW_DECL_STRNDUP 1
| #define HAVE_RAW_DECL_STRNLEN 1
| #define HAVE_RAW_DECL_STRPBRK 1
| #define HAVE_RAW_DECL_STRSEP 1
| #define HAVE_RAW_DECL_STRCASESTR 1
| #define HAVE_RAW_DECL_STRTOK_R 1
| #define HAVE_RAW_DECL_STRERROR_R 1
| #define HAVE_RAW_DECL_STRSIGNAL 1
| #define HAVE_RAW_DECL_STRVERSCMP 1
| #define GNULIB_TEST_MEMCHR 1
| #define HAVE_MEMMEM 1
| #define GNULIB_TEST_MEMMEM 1
| #define HAVE_STRUCT_SIGACTION_SA_SIGACTION 1
| #define GNULIB_TEST_SIGACTION 1
| #define HAVE_RAW_DECL_SIGACTION 1
| #define HAVE_RAW_DECL_SIGADDSET 1
| #define HAVE_RAW_DECL_SIGDELSET 1
| #define HAVE_RAW_DECL_SIGEMPTYSET 1
| #define HAVE_RAW_DECL_SIGFILLSET 1
| #define HAVE_RAW_DECL_SIGISMEMBER 1
| #define HAVE_RAW_DECL_SIGPENDING 1
| #define HAVE_RAW_DECL_SIGPROCMASK 1
| #define GNULIB_TEST_SIGPROCMASK 1
| #define STDC_HEADERS 1
| #define HAVE_SYSLOG_H 1
| #define HAVE_ALLOCA_H 1
| #define HAVE_ALLOCA 1
| #define HAVE_LIBPTHREAD 1
| #define USE_SCRYPT 1
| #define USE_GRIDSEED 1
| /* end confdefs.h.  */
| 
| /* Override any GCC internal prototype to avoid an error.
|    Use char because int might match the return type of a GCC
|    builtin and then its argument prototype would still apply.  */
| #ifdef __cplusplus
| extern "C"
| #endif
| char addstr ();
| int
| main ()
| {
| return addstr ();
|   ;
|   return 0;
| }
configure:16423: gcc -o conftest -O2 -Wall -march=native -fcommon   conftest.c -lncurses  -lpthread  >&5
configure:16423: $? = 0
configure:16440: result: -lncurses
configure:16817: checking for pkg-config
configure:16835: found /usr/bin/pkg-config
configure:16847: result: /usr/bin/pkg-config
configure:16872: checking pkg-config is at least version 0.9.0
configure:16875: result: yes
configure:16908: checking for LIBCURL
configure:16915: $PKG_CONFIG --exists --print-errors "libcurl >= 7.25.0"
configure:16918: $? = 0
configure:16932: $PKG_CONFIG --exists --print-errors "libcurl >= 7.25.0"
configure:16935: $? = 0
configure:17113: result: yes
configure:17211: gcc -c -O2 -Wall -march=native -fcommon  conftest.c >&5
conftest.c:89:15: fatal error: process.h: No such file or directory
   89 |      #include <process.h>
      |               ^~~~~~~~~~~
compilation terminated.
configure:17211: $? = 1
configure: failed program was:
| /* confdefs.h */
| #define PACKAGE_NAME "cgminer"
| #define PACKAGE_TARNAME "cgminer"
| #define PACKAGE_VERSION "3.7.2"
| #define PACKAGE_STRING "cgminer 3.7.2"
| #define PACKAGE_BUGREPORT "kernel@kolivas.org"
| #define PACKAGE_URL ""
| #define PACKAGE "cgminer"
| #define VERSION "3.7.2"
| #define STDC_HEADERS 1
| #define HAVE_SYS_TYPES_H 1
| #define HAVE_SYS_STAT_H 1
| #define HAVE_STDLIB_H 1
| #define HAVE_STRING_H 1
| #define HAVE_MEMORY_H 1
| #define HAVE_STRINGS_H 1
| #define HAVE_INTTYPES_H 1
| #define HAVE_STDINT_H 1
| #define HAVE_UNISTD_H 1
| #define __EXTENSIONS__ 1
| #define _ALL_SOURCE 1
| #define _GNU_SOURCE 1
| #define _POSIX_PTHREAD_SEMANTICS 1
| #define _TANDEM_SOURCE 1
| #define CGMINER_MAJOR_VERSION 3
| #define CGMINER_MINOR_VERSION 7
| #define CGMINER_MINOR_SUBVERSION 2
| #define HAVE_DLFCN_H 1
| #define LT_OBJDIR ".libs/"
| #define HAVE_SYS_MMAN_H 1
| #define HAVE_WCHAR_H 1
| #define HAVE_STDINT_H 1
| #define HAVE_MPROTECT 1
| #define HAVE_SIGACTION 1
| #define HAVE_SIGALTSTACK 1
| #define HAVE_SIGINTERRUPT 1
| #define HAVE_MAP_ANONYMOUS 1
| #define HAVE_DECL_MEMMEM 1
| #define HAVE_MEMMEM 1
| #define restrict __restrict
| #define HAVE_WCHAR_T 1
| #define HAVE_UNSIGNED_LONG_LONG_INT 1
| #define HAVE_LONG_LONG_INT 1
| #define HAVE_RAW_DECL_MEMMEM 1
| #define HAVE_RAW_DECL_MEMPCPY 1
| #define HAVE_RAW_DECL_MEMRCHR 1
| #define HAVE_RAW_DECL_RAWMEMCHR 1
| #define HAVE_RAW_DECL_STPCPY 1
| #define HAVE_RAW_DECL_STPNCPY 1
| #define HAVE_RAW_DECL_STRCHRNUL 1
| #define HAVE_RAW_DECL_STRDUP 1
| #define HAVE_RAW_DECL_STRNCAT 1
| #define HAVE_RAW_DECL_STRNDUP 1
| #define HAVE_RAW_DECL_STRNLEN 1
| #define HAVE_RAW_DECL_STRPBRK 1
| #define HAVE_RAW_DECL_STRSEP 1
| #define HAVE_RAW_DECL_STRCASESTR 1
| #define HAVE_RAW_DECL_STRTOK_R 1
| #define HAVE_RAW_DECL_STRERROR_R 1
| #define HAVE_RAW_DECL_STRSIGNAL 1
| #define HAVE_RAW_DECL_STRVERSCMP 1
| #define GNULIB_TEST_MEMCHR 1
| #define HAVE_MEMMEM 1
| #define GNULIB_TEST_MEMMEM 1
| #define HAVE_STRUCT_SIGACTION_SA_SIGACTION 1
| #define GNULIB_TEST_SIGACTION 1
| #define HAVE_RAW_DECL_SIGACTION 1
| #define HAVE_RAW_DECL_SIGADDSET 1
| #define HAVE_RAW_DECL_SIGDELSET 1
| #define HAVE_RAW_DECL_SIGEMPTYSET 1
| #define HAVE_RAW_DECL_SIGFILLSET 1
| #define HAVE_RAW_DECL_SIGISMEMBER 1
| #define HAVE_RAW_DECL_SIGPENDING 1
| #define HAVE_RAW_DECL_SIGPROCMASK 1
| #define GNULIB_TEST_SIGPROCMASK 1
| #define STDC_HEADERS 1
| #define HAVE_SYSLOG_H 1
| #define HAVE_ALLOCA_H 1
| #define HAVE_ALLOCA 1
| #define HAVE_LIBPTHREAD 1
| #define USE_SCRYPT 1
| #define USE_GRIDSEED 1
| #define HAVE_CURSES 1
| #define USE_USBUTILS 1
| #define CURL_HAS_KEEPALIVE 1
| #define HAVE_LIBCURL 1
| /* end confdefs.h.  */
| 
| 		   #include <process.h>
| 		   int execv(const char*, const char*const*);
| 
configure:17229: gcc -c -O2 -Wall -march=native -fcommon  conftest.c >&5
conftest.c:89:35: warning: 'cleanup' defined but not used [-Wunused-function]
   89 | static void __attribute__((cold)) cleanup(void) { }
      |                                   ^~~~~~~
configure:17229: $? = 0
configure:17239: gcc -c -O2 -Wall -march=native -fcommon  conftest.c >&5
conftest.c:90:1: warning: 'const' attribute on function returning 'void' [-Wattributes]
   90 | static void __attribute__((const)) cleanup(void) { }
      | ^~~~~~
conftest.c:90:36: warning: 'cleanup' defined but not used [-Wunused-function]
   90 | static void __attribute__((const)) cleanup(void) { }
      |                                    ^~~~~~~
configure:17239: $? = 0
configure:17249: gcc -c -O2 -Wall -march=native -fcommon  conftest.c >&5
conftest.c: In function 'cleanup':
conftest.c:91:55: warning: implicit declaration of function 'exit' [-Wimplicit-function-declaration]
   91 | static void __attribute__((noreturn)) cleanup(void) { exit(1); }
      |                                                       ^~~~
conftest.c:91:55: warning: incompatible implicit declaration of built-in function 'exit'
conftest.c:1:1: note: include '<stdlib.h>' or provide a declaration of 'exit'
    1 | /* confdefs.h */
At top level:
conftest.c:91:39: warning: 'cleanup' defined but not used [-Wunused-function]
   91 | static void __attribute__((noreturn)) cleanup(void) { exit(1); }
      |                                       ^~~~~~~
configure:17249: $? = 0
configure:17259: gcc -c -O2 -Wall -march=native -fcommon  conftest.c >&5
conftest.c:92:55: warning: 'cleanup' defined but not used [-Wunused-function]
   92 | static void __attribute__((format(__printf__, 1, 2))) cleanup(const char *fmt, ...) { }
      |                                                       ^~~~~~~
configure:17259: $? = 0
configure:17269: gcc -c -O2 -Wall -march=native -fcommon  conftest.c >&5
configure:17269: $? = 0
configure:17279: gcc -c -O2 -Wall -march=native -fcommon  conftest.c >&5
configure:17279: $? = 0
configure:17289: gcc -o conftest -O2 -Wall -march=native -fcommon   conftest.c -lncurses -lpthread  >&5
configure:17289: $? = 0
configure:17300: gcc -o conftest -O2 -Wall -march=native -fcommon   conftest.c -lncurses -lpthread  >&5
configure:17300: $? = 0
configure:17311: gcc -c -O2 -Wall -march=native -fcommon  conftest.c >&5
conftest.c:97:48: warning: 'func' defined but not used [-Wunused-function]
   97 | static int __attribute__((warn_unused_result)) func(int x) { return x; }
      |                                                ^~~~
configure:17311: $? = 0
configure:17617: creating ./config.status

## ---------------------- ##
## Running config.status. ##
## ---------------------- ##

This file was extended by cgminer config.status 3.7.2, which was
generated by GNU Autoconf 2.69.  Invocation command line was

  CONFIG_FILES    = 
  CONFIG_HEADERS  = 
  CONFIG_LINKS    = 
  CONFIG_COMMANDS = 
  $ ./config.status 

on raspberrypi

config.status:1362: creating Makefile
config.status:1362: creating compat/Makefile
config.status:1362: creating ccan/Makefile
config.status:1362: creating lib/Makefile
config.status:1362: creating config.h
config.status:1543: config.h is unchanged
config.status:1591: executing depfiles commands
config.status:1591: executing libtool commands
configure:19912: === configuring in compat/libusb-1.0 (/home/pi/cgminer-gc3355/compat/libusb-1.0)
configure:19975: running /bin/bash ./configure --disable-option-checking '--prefix=/usr/local'  '--enable-scrypt' '--enable-gridseed' 'CFLAGS=-O2 -Wall -march=native -fcommon' --cache-file=/dev/null --srcdir=.
configure:19912: === configuring in compat/jansson-2.5 (/home/pi/cgminer-gc3355/compat/jansson-2.5)
configure:19975: running /bin/bash ./configure --disable-option-checking '--prefix=/usr/local'  '--enable-scrypt' '--enable-gridseed' 'CFLAGS=-O2 -Wall -march=native -fcommon' --cache-file=/dev/null --srcdir=.

## ---------------- ##
## Cache variables. ##
## ---------------- ##

ac_cv_build=aarch64-unknown-linux-gnu
ac_cv_c_compiler_gnu=yes
ac_cv_c_inline=inline
ac_cv_c_restrict=__restrict
ac_cv_env_CC_set=
ac_cv_env_CC_value=
ac_cv_env_CFLAGS_set=set
ac_cv_env_CFLAGS_value='-O2 -Wall -march=native -fcommon'
ac_cv_env_CPPFLAGS_set=
ac_cv_env_CPPFLAGS_value=
ac_cv_env_CPP_set=
ac_cv_env_CPP_value=
ac_cv_env_LDFLAGS_set=
ac_cv_env_LDFLAGS_value=
ac_cv_env_LIBCURL_CFLAGS_set=
ac_cv_env_LIBCURL_CFLAGS_value=
ac_cv_env_LIBCURL_LIBS_set=
ac_cv_env_LIBCURL_LIBS_value=
ac_cv_env_LIBS_set=
ac_cv_env_LIBS_value=
ac_cv_env_LIBUSB_CFLAGS_set=
ac_cv_env_LIBUSB_CFLAGS_value=
ac_cv_env_LIBUSB_LIBS_set=
ac_cv_env_LIBUSB_LIBS_value=
ac_cv_env_PKG_CONFIG_LIBDIR_set=
ac_cv_env_PKG_CONFIG_LIBDIR_value=
ac_cv_env_PKG_CONFIG_PATH_set=
ac_cv_env_PKG_CONFIG_PATH_value=
ac_cv_env_PKG_CONFIG_set=
ac_cv_env_PKG_CONFIG_value=
ac_cv_env_build_alias_set=
ac_cv_env_build_alias_value=
ac_cv_env_host_alias_set=
ac_cv_env_host_alias_value=
ac_cv_env_target_alias_set=
ac_cv_env_target_alias_value=
ac_cv_func_alloca_works=yes
ac_cv_func_memmem=yes
ac_cv_func_mmap=yes
ac_cv_func_mprotect=yes
ac_cv_func_sigaction=yes
ac_cv_func_sigaltstack=yes
ac_cv_func_siginterrupt=yes
ac_cv_func_sigprocmask=yes
ac_cv_have_decl_memmem=yes
ac_cv_have_decl_mempcpy=yes
ac_cv_have_decl_memrchr=yes
ac_cv_have_decl_rawmemchr=yes
ac_cv_have_decl_sigaction=yes
ac_cv_have_decl_sigaddset=yes
ac_cv_have_decl_sigdelset=yes
ac_cv_have_decl_sigemptyset=yes
ac_cv_have_decl_sigfillset=yes
ac_cv_have_decl_sigismember=yes
ac_cv_have_decl_sigpending=yes
ac_cv_have_decl_sigprocmask=yes
ac_cv_have_decl_stpcpy=yes
ac_cv_have_decl_stpncpy=yes
ac_cv_have_decl_strcasestr=yes
ac_cv_have_decl_strchrnul=yes
ac_cv_have_decl_strdup=yes
ac_cv_have_decl_strerror_r=yes
ac_cv_have_decl_strncat=yes
ac_cv_have_decl_strndup=yes
ac_cv_have_decl_strnlen=yes
ac_cv_have_decl_strpbrk=yes
ac_cv_have_decl_strsep=yes
ac_cv_have_decl_strsignal=yes
ac_cv_have_decl_strtok_r=yes
ac_cv_have_decl_strverscmp=yes
ac_cv_header_dlfcn_h=yes
ac_cv_header_inttypes_h=yes
ac_cv_header_memory_h=yes
ac_cv_header_minix_config_h=no
ac_cv_header_stdc=yes
ac_cv_header_stdint_h=yes
ac_cv_header_stdlib_h=yes
ac_cv_header_string_h=yes
ac_cv_header_strings_h=yes
ac_cv_header_sys_mman_h=yes
ac_cv_header_sys_stat_h=yes
ac_cv_header_sys_types_h=yes
ac_cv_header_syslog_h=yes
ac_cv_header_unistd_h=yes
ac_cv_header_wchar_h=yes
ac_cv_host=aarch64-unknown-linux-gnu
ac_cv_lib_pthread_pthread_create=yes
ac_cv_member_struct_sigaction_sa_sigaction=yes
ac_cv_objext=o
ac_cv_path_EGREP='/usr/bin/grep -E'
ac_cv_path_FGREP='/usr/bin/grep -F'
ac_cv_path_GREP=/usr/bin/grep
ac_cv_path_SED=/usr/bin/sed
ac_cv_path_ac_pt_PKG_CONFIG=/usr/bin/pkg-config
ac_cv_path_install='/usr/bin/install -c'
ac_cv_path_mkdir=/usr/bin/mkdir
ac_cv_prog_AWK=mawk
ac_cv_prog_CPP='gcc -E'
ac_cv_prog_ac_ct_AR=ar
ac_cv_prog_ac_ct_CC=gcc
ac_cv_prog_ac_ct_MANIFEST_TOOL=mt
ac_cv_prog_ac_ct_OBJDUMP=objdump
ac_cv_prog_ac_ct_RANLIB=ranlib
ac_cv_prog_ac_ct_STRIP=strip
ac_cv_prog_cc_c89=
ac_cv_prog_cc_g=yes
ac_cv_prog_cc_gcc_c_o=yes
ac_cv_prog_gcc_traditional=no
ac_cv_prog_make_make_set=yes
ac_cv_safe_to_define___extensions__=yes
ac_cv_search_addstr=-lncurses
ac_cv_target=aarch64-unknown-linux-gnu
ac_cv_type_long_long_int=yes
ac_cv_type_sighandler_t=yes
ac_cv_type_size_t=yes
ac_cv_type_uid_t=yes
ac_cv_type_unsigned_long_long_int=yes
ac_cv_type_volatile_sig_atomic_t=yes
ac_cv_working_alloca_h=yes
am_cv_CC_dependencies_compiler_type=gcc3
am_cv_make_support_nested_variables=yes
gl_cv_c_multiarch=no
gl_cv_decl_null_works=yes
gl_cv_func_memchr_works=yes
gl_cv_func_memmem_works_always=yes
gl_cv_func_memmem_works_fast=yes
gl_cv_func_sigprocmask=1
gl_cv_have_include_next=yes
gl_cv_have_raw_decl_memmem=yes
gl_cv_have_raw_decl_mempcpy=yes
gl_cv_have_raw_decl_memrchr=yes
gl_cv_have_raw_decl_rawmemchr=yes
gl_cv_have_raw_decl_sigaction=yes
gl_cv_have_raw_decl_sigaddset=yes
gl_cv_have_raw_decl_sigdelset=yes
gl_cv_have_raw_decl_sigemptyset=yes
gl_cv_have_raw_decl_sigfillset=yes
gl_cv_have_raw_decl_sigismember=yes
gl_cv_have_raw_decl_sigpending=yes
gl_cv_have_raw_decl_sigprocmask=yes
gl_cv_have_raw_decl_stpcpy=yes
gl_cv_have_raw_decl_stpncpy=yes
gl_cv_have_raw_decl_strcasestr=yes
gl_cv_have_raw_decl_strchrnul=yes
gl_cv_have_raw_decl_strdup=yes
gl_cv_have_raw_decl_strerror_r=yes
gl_cv_have_raw_decl_strncat=yes
gl_cv_have_raw_decl_strndup=yes
gl_cv_have_raw_decl_strnlen=yes
gl_cv_have_raw_decl_strpbrk=yes
gl_cv_have_raw_decl_strsep=yes
gl_cv_have_raw_decl_strsignal=yes
gl_cv_have_raw_decl_strtok_r=yes
gl_cv_have_raw_decl_strverscmp=yes
gl_cv_header_working_stdint_h=yes
gl_cv_next_signal_h='<signal.h>'
gl_cv_next_stdint_h='<stdint.h>'
gl_cv_next_string_h='<string.h>'
gl_cv_pragma_columns=no
gt_cv_c_wchar_t=yes
lt_cv_ar_at_file=@
lt_cv_deplibs_check_method=pass_all
lt_cv_file_magic_cmd='$MAGIC_CMD'
lt_cv_file_magic_test_file=
lt_cv_ld_reload_flag=-r
lt_cv_nm_interface='BSD nm'
lt_cv_objdir=.libs
lt_cv_path_LD=/usr/bin/ld
lt_cv_path_NM='/usr/bin/nm -B'
lt_cv_path_mainfest_tool=no
lt_cv_prog_compiler_c_o=yes
lt_cv_prog_compiler_pic='-fPIC -DPIC'
lt_cv_prog_compiler_pic_works=yes
lt_cv_prog_compiler_rtti_exceptions=no
lt_cv_prog_compiler_static_works=yes
lt_cv_prog_gnu_ld=yes
lt_cv_sharedlib_from_linklib_cmd='printf %s\n'
lt_cv_shlibpath_overrides_runpath=yes
lt_cv_sys_global_symbol_pipe='sed -n -e '\''s/^.*[	 ]\([ABCDGIRSTW][ABCDGIRSTW]*\)[	 ][	 ]*\([_A-Za-z][_A-Za-z0-9]*\)$/\1 \2 \2/p'\'' | sed '\''/ __gnu_lto/d'\'''
lt_cv_sys_global_symbol_to_c_name_address='sed -n -e '\''s/^: \([^ ]*\)[ ]*$/  {\"\1\", (void *) 0},/p'\'' -e '\''s/^[ABCDGIRSTW]* \([^ ]*\) \([^ ]*\)$/  {"\2", (void *) \&\2},/p'\'''
lt_cv_sys_global_symbol_to_c_name_address_lib_prefix='sed -n -e '\''s/^: \([^ ]*\)[ ]*$/  {\"\1\", (void *) 0},/p'\'' -e '\''s/^[ABCDGIRSTW]* \([^ ]*\) \(lib[^ ]*\)$/  {"\2", (void *) \&\2},/p'\'' -e '\''s/^[ABCDGIRSTW]* \([^ ]*\) \([^ ]*\)$/  {"lib\2", (void *) \&\2},/p'\'''
lt_cv_sys_global_symbol_to_cdecl='sed -n -e '\''s/^T .* \(.*\)$/extern int \1();/p'\'' -e '\''s/^[ABCDGIRSTW]* .* \(.*\)$/extern char \1;/p'\'''
lt_cv_sys_max_cmd_len=1572864
lt_cv_to_host_file_cmd=func_convert_file_noop
lt_cv_to_tool_file_cmd=func_convert_file_noop
pkg_cv_LIBCURL_CFLAGS=-I/usr/include/aarch64-linux-gnu
pkg_cv_LIBCURL_LIBS=-lcurl

## ----------------- ##
## Output variables. ##
## ----------------- ##

ACLOCAL='${SHELL} /home/pi/cgminer-gc3355/missing --run aclocal-1.11'
ADL_CPPFLAGS=''
ALLOCA=''
AMDEPBACKSLASH='\'
AMDEP_FALSE='#'
AMDEP_TRUE=''
AMTAR='$${TAR-tar}'
AM_BACKSLASH='\'
AM_DEFAULT_V='$(AM_DEFAULT_VERBOSITY)'
AM_DEFAULT_VERBOSITY='0'
AM_V='$(V)'
APPLE_UNIVERSAL_BUILD='0'
AR='ar'
AUTOCONF='${SHELL} /home/pi/cgminer-gc3355/missing --run autoconf'
AUTOHEADER='${SHELL} /home/pi/cgminer-gc3355/missing --run autoheader'
AUTOMAKE='${SHELL} /home/pi/cgminer-gc3355/missing --run automake-1.11'
AWK='mawk'
BITSIZEOF_PTRDIFF_T=''
BITSIZEOF_SIG_ATOMIC_T=''
BITSIZEOF_SIZE_T=''
BITSIZEOF_WCHAR_T=''
BITSIZEOF_WINT_T=''
CC='gcc'
CCDEPMODE='depmode=gcc3'
CFLAGS='-O2 -Wall -march=native -fcommon'
CPP='gcc -E'
CPPFLAGS=''
CYGPATH_W='echo'
DEFS='-DHAVE_CONFIG_H'
DEPDIR='.deps'
DLLTOOL='false'
DLOPEN_FLAGS=''
DSYMUTIL=''
DUMPBIN=''
ECHO_C=''
ECHO_N='-n'
ECHO_T=''
EGREP='/usr/bin/grep -E'
EXEEXT=''
FGREP='/usr/bin/grep -F'
GL_COND_LIBTOOL_FALSE=''
GL_COND_LIBTOOL_TRUE='#'
GL_GENERATE_STDDEF_H_FALSE=''
GL_GENERATE_STDDEF_H_TRUE='#'
GL_GENERATE_STDINT_H_FALSE=''
GL_GENERATE_STDINT_H_TRUE='#'
GNULIB_MBSCASECMP='0'
GNULIB_MBSCASESTR='0'
GNULIB_MBSCHR='0'
GNULIB_MBSCSPN='0'
GNULIB_MBSLEN='0'
GNULIB_MBSNCASECMP='0'
GNULIB_MBSNLEN='0'
GNULIB_MBSPBRK='0'
GNULIB_MBSPCASECMP='0'
GNULIB_MBSRCHR='0'
GNULIB_MBSSEP='0'
GNULIB_MBSSPN='0'
GNULIB_MBSSTR='0'
GNULIB_MBSTOK_R='0'
GNULIB_MEMCHR='1'
GNULIB_MEMMEM='1'
GNULIB_MEMPCPY='0'
GNULIB_MEMRCHR='0'
GNULIB_RAWMEMCHR='0'
GNULIB_SIGACTION='1'
GNULIB_SIGNAL_H_SIGPIPE='0'
GNULIB_SIGPROCMASK='1'
GNULIB_STPCPY='0'
GNULIB_STPNCPY='0'
GNULIB_STRCASESTR='0'
GNULIB_STRCHRNUL='0'
GNULIB_STRDUP='0'
GNULIB_STRERROR='0'
GNULIB_STRERROR_R='0'
GNULIB_STRNCAT='0'
GNULIB_STRNDUP='0'
GNULIB_STRNLEN='0'
GNULIB_STRPBRK='0'
GNULIB_STRSEP='0'
GNULIB_STRSIGNAL='0'
GNULIB_STRSTR='0'
GNULIB_STRTOK_R='0'
GNULIB_STRVERSCMP='0'
GREP='/usr/bin/grep'
HAS_AVALON_FALSE=''
HAS_AVALON_TRUE='#'
HAS_BFLSC_FALSE=''
HAS_BFLSC_TRUE='#'
HAS_BITFORCE_FALSE=''
HAS_BITFORCE_TRUE='#'
HAS_BITFURY_FALSE=''
HAS_BITFURY_TRUE='#'
HAS_GRIDSEED_FALSE='#'
HAS_GRIDSEED_TRUE=''
HAS_HASHFAST_FALSE=''
HAS_HASHFAST_TRUE='#'
HAS_ICARUS_FALSE=''
HAS_ICARUS_TRUE='#'
HAS_KLONDIKE_FALSE=''
HAS_KLONDIKE_TRUE='#'
HAS_KNC_FALSE=''
HAS_KNC_TRUE='#'
HAS_MODMINER_FALSE=''
HAS_MODMINER_TRUE='#'
HAS_OPENCL_FALSE=''
HAS_OPENCL_TRUE='#'
HAS_SCRYPT_FALSE='#'
HAS_SCRYPT_TRUE=''
HAVE_CURSES_FALSE='#'
HAVE_CURSES_TRUE=''
HAVE_DECL_MEMMEM='1'
HAVE_DECL_MEMRCHR='1'
HAVE_DECL_STRDUP='1'
HAVE_DECL_STRERROR_R='1'
HAVE_DECL_STRNDUP='1'
HAVE_DECL_STRNLEN='1'
HAVE_DECL_STRSIGNAL='1'
HAVE_DECL_STRTOK_R='1'
HAVE_INTTYPES_H='1'
HAVE_LONG_LONG_INT='1'
HAVE_MBSLEN='0'
HAVE_MEMCHR='1'
HAVE_MEMPCPY='1'
HAVE_POSIX_SIGNALBLOCKING='1'
HAVE_RAWMEMCHR='1'
HAVE_SIGACTION='1'
HAVE_SIGHANDLER_T='1'
HAVE_SIGINFO_T='1'
HAVE_SIGNED_SIG_ATOMIC_T=''
HAVE_SIGNED_WCHAR_T=''
HAVE_SIGNED_WINT_T=''
HAVE_SIGSET_T='1'
HAVE_STDINT_H='1'
HAVE_STPCPY='1'
HAVE_STPNCPY='1'
HAVE_STRCASESTR='1'
HAVE_STRCHRNUL='1'
HAVE_STRPBRK='1'
HAVE_STRSEP='1'
HAVE_STRUCT_SIGACTION_SA_SIGACTION='1'
HAVE_STRVERSCMP='1'
HAVE_SYS_BITYPES_H=''
HAVE_SYS_INTTYPES_H=''
HAVE_SYS_TYPES_H='1'
HAVE_TYPE_VOLATILE_SIG_ATOMIC_T='1'
HAVE_UNSIGNED_LONG_LONG_INT='1'
HAVE_WCHAR_H='1'
HAVE_WCHAR_T='1'
HAVE_WINDOWS_FALSE=''
HAVE_WINDOWS_TRUE='#'
HAVE_x86_64_FALSE=''
HAVE_x86_64_TRUE='#'
INCLUDE_NEXT='include_next'
INCLUDE_NEXT_AS_FIRST_DIRECTIVE='include_next'
INSTALL_DATA='${INSTALL} -m 644'
INSTALL_PROGRAM='${INSTALL}'
INSTALL_SCRIPT='${INSTALL}'
INSTALL_STRIP_PROGRAM='$(install_sh) -c -s'
JANSSON_LIBS='compat/jansson-2.5/src/.libs/libjansson.a'
LD='/usr/bin/ld'
LDFLAGS=''
LIBCURL_CFLAGS='-I/usr/include/aarch64-linux-gnu'
LIBCURL_LIBS='-lcurl'
LIBGNU_LIBDEPS=''
LIBGNU_LTLIBDEPS=''
LIBOBJS=''
LIBS='-lncurses -lpthread '
LIBTOOL='$(SHELL) $(top_builddir)/libtool'
LIBUSB_CFLAGS=''
LIBUSB_LIBS='compat/libusb-1.0/libusb/.libs/libusb-1.0.a -ludev'
LIPO=''
LN_S='ln -s'
LTLIBOBJS=''
MAINT='#'
MAINTAINER_MODE_FALSE=''
MAINTAINER_MODE_TRUE='#'
MAKEINFO='${SHELL} /home/pi/cgminer-gc3355/missing --run makeinfo'
MANIFEST_TOOL=':'
MATH_LIBS='-lm'
MKDIR_P='/usr/bin/mkdir -p'
MM_LIBS=''
NCURSES_LIBS=''
NEED_FPGAUTILS_FALSE=''
NEED_FPGAUTILS_TRUE='#'
NEXT_AS_FIRST_DIRECTIVE_SIGNAL_H='<signal.h>'
NEXT_AS_FIRST_DIRECTIVE_STDDEF_H=''
NEXT_AS_FIRST_DIRECTIVE_STDINT_H='<stdint.h>'
NEXT_AS_FIRST_DIRECTIVE_STRING_H='<string.h>'
NEXT_SIGNAL_H='<signal.h>'
NEXT_STDDEF_H=''
NEXT_STDINT_H='<stdint.h>'
NEXT_STRING_H='<string.h>'
NM='/usr/bin/nm -B'
NMEDIT=''
OBJDUMP='objdump'
OBJEXT='o'
OPENCL_FLAGS=''
OPENCL_LIBS=''
OTOOL64=''
OTOOL=''
PACKAGE='cgminer'
PACKAGE_BUGREPORT='kernel@kolivas.org'
PACKAGE_NAME='cgminer'
PACKAGE_STRING='cgminer 3.7.2'
PACKAGE_TARNAME='cgminer'
PACKAGE_URL=''
PACKAGE_VERSION='3.7.2'
PATH_SEPARATOR=':'
PDCURSES_LIBS=''
PKG_CONFIG='/usr/bin/pkg-config'
PKG_CONFIG_LIBDIR=''
PKG_CONFIG_PATH=''
PRAGMA_COLUMNS=''
PRAGMA_SYSTEM_HEADER='#pragma GCC system_header'
PTHREAD_FLAGS='-lpthread'
PTHREAD_LIBS='-lpthread'
PTRDIFF_T_SUFFIX=''
RANLIB='ranlib'
REPLACE_MEMCHR='0'
REPLACE_MEMMEM='0'
REPLACE_NULL='0'
REPLACE_STPNCPY='0'
REPLACE_STRCASESTR='0'
REPLACE_STRCHRNUL='0'
REPLACE_STRDUP='0'
REPLACE_STRERROR='0'
REPLACE_STRERROR_R='0'
REPLACE_STRNCAT='0'
REPLACE_STRNDUP='0'
REPLACE_STRNLEN='0'
REPLACE_STRSIGNAL='0'
REPLACE_STRSTR='0'
REPLACE_STRTOK_R='0'
RT_LIBS='-lrt'
SED='/usr/bin/sed'
SET_MAKE=''
SHELL='/bin/bash'
SIG_ATOMIC_T_SUFFIX=''
SIZE_T_SUFFIX=''
STDDEF_H=''
STDINT_H=''
STRIP='strip'
UNDEFINE_STRTOK_R='0'
VERSION='3.7.2'
VMAJ='3'
WANT_STATIC_LIBUSB_FALSE='#'
WANT_STATIC_LIBUSB_TRUE=''
WANT_USBUTILS_FALSE='#'
WANT_USBUTILS_TRUE=''
WCHAR_T_SUFFIX=''
WINT_T_SUFFIX=''
WS2_LIBS=''
ac_ct_AR='ar'
ac_ct_CC='gcc'
ac_ct_DUMPBIN=''
am__EXEEXT_FALSE=''
am__EXEEXT_TRUE='#'
am__fastdepCC_FALSE='#'
am__fastdepCC_TRUE=''
am__include='include'
am__isrc=''
am__leading_dot='.'
am__nodep='_no'
am__quote=''
am__tar='$${TAR-tar} chof - "$$tardir"'
am__untar='$${TAR-tar} xf -'
bindir='${exec_prefix}/bin'
build='aarch64-unknown-linux-gnu'
build_alias=''
build_cpu='aarch64'
build_os='linux-gnu'
build_vendor='unknown'
datadir='${datarootdir}'
datarootdir='${prefix}/share'
docdir='${datarootdir}/doc/${PACKAGE_TARNAME}'
dvidir='${docdir}'
exec_prefix='${prefix}'
gl_LIBOBJS=''
gl_LTLIBOBJS=''
gltests_LIBOBJS=''
gltests_LTLIBOBJS=''
gltests_WITNESS='IN_CGMINER_GNULIB_TESTS'
host='aarch64-unknown-linux-gnu'
host_alias=''
host_cpu='aarch64'
host_os='linux-gnu'
host_vendor='unknown'
htmldir='${docdir}'
includedir='${prefix}/include'
infodir='${datarootdir}/info'
install_sh='${SHELL} /home/pi/cgminer-gc3355/install-sh'
libdir='${exec_prefix}/lib'
libexecdir='${exec_prefix}/libexec'
localedir='${datarootdir}/locale'
localstatedir='${prefix}/var'
mandir='${datarootdir}/man'
mkdir_p='/usr/bin/mkdir -p'
oldincludedir='/usr/include'
pdfdir='${docdir}'
prefix='/usr/local'
program_transform_name='s,x,x,'
psdir='${docdir}'
release_info=''
sbindir='${exec_prefix}/sbin'
sharedstatedir='${prefix}/com'
subdirs=' compat/libusb-1.0 compat/jansson-2.5'
sysconfdir='${prefix}/etc'
target='aarch64-unknown-linux-gnu'
target_alias=''
target_cpu='aarch64'
target_os='linux-gnu'
target_vendor='unknown'
version_info='10:2:7'

## ----------- ##
## confdefs.h. ##
## ----------- ##

/* confdefs.h */
#define PACKAGE_NAME "cgminer"
#define PACKAGE_TARNAME "cgminer"
#define PACKAGE_VERSION "3.7.2"
#define PACKAGE_STRING "cgminer 3.7.2"
#define PACKAGE_BUGREPORT "kernel@kolivas.org"
#define PACKAGE_URL ""
#define PACKAGE "cgminer"
#define VERSION "3.7.2"
#define STDC_HEADERS 1
#define HAVE_SYS_TYPES_H 1
#define HAVE_SYS_STAT_H 1
#define HAVE_STDLIB_H 1
#define HAVE_STRING_H 1
#define HAVE_MEMORY_H 1
#define HAVE_STRINGS_H 1
#define HAVE_INTTYPES_H 1
#define HAVE_STDINT_H 1
#define HAVE_UNISTD_H 1
#define __EXTENSIONS__ 1
#define _ALL_SOURCE 1
#define _GNU_SOURCE 1
#define _POSIX_PTHREAD_SEMANTICS 1
#define _TANDEM_SOURCE 1
#define CGMINER_MAJOR_VERSION 3
#define CGMINER_MINOR_VERSION 7
#define CGMINER_MINOR_SUBVERSION 2
#define HAVE_DLFCN_H 1
#define LT_OBJDIR ".libs/"
#define HAVE_SYS_MMAN_H 1
#define HAVE_WCHAR_H 1
#define HAVE_STDINT_H 1
#define HAVE_MPROTECT 1
#define HAVE_SIGACTION 1
#define HAVE_SIGALTSTACK 1
#define HAVE_SIGINTERRUPT 1
#define HAVE_MAP_ANONYMOUS 1
#define HAVE_DECL_MEMMEM 1
#define HAVE_MEMMEM 1
#define restrict __restrict
#define HAVE_WCHAR_T 1
#define HAVE_UNSIGNED_LONG_LONG_INT 1
#define HAVE_LONG_LONG_INT 1
#define HAVE_RAW_DECL_MEMMEM 1
#define HAVE_RAW_DECL_MEMPCPY 1
#define HAVE_RAW_DECL_MEMRCHR 1
#define HAVE_RAW_DECL_RAWMEMCHR 1
#define HAVE_RAW_DECL_STPCPY 1
#define HAVE_RAW_DECL_STPNCPY 1
#define HAVE_RAW_DECL_STRCHRNUL 1
#define HAVE_RAW_DECL_STRDUP 1
#define HAVE_RAW_DECL_STRNCAT 1
#define HAVE_RAW_DECL_STRNDUP 1
#define HAVE_RAW_DECL_STRNLEN 1
#define HAVE_RAW_DECL_STRPBRK 1
#define HAVE_RAW_DECL_STRSEP 1
#define HAVE_RAW_DECL_STRCASESTR 1
#define HAVE_RAW_DECL_STRTOK_R 1
#define HAVE_RAW_DECL_STRERROR_R 1
#define HAVE_RAW_DECL_STRSIGNAL 1
#define HAVE_RAW_DECL_STRVERSCMP 1
#define GNULIB_TEST_MEMCHR 1
#define HAVE_MEMMEM 1
#define GNULIB_TEST_MEMMEM 1
#define HAVE_STRUCT_SIGACTION_SA_SIGACTION 1
#define GNULIB_TEST_SIGACTION 1
#define HAVE_RAW_DECL_SIGACTION 1
#define HAVE_RAW_DECL_SIGADDSET 1
#define HAVE_RAW_DECL_SIGDELSET 1
#define HAVE_RAW_DECL_SIGEMPTYSET 1
#define HAVE_RAW_DECL_SIGFILLSET 1
#define HAVE_RAW_DECL_SIGISMEMBER 1
#define HAVE_RAW_DECL_SIGPENDING 1
#define HAVE_RAW_DECL_SIGPROCMASK 1
#define GNULIB_TEST_SIGPROCMASK 1
#define STDC_HEADERS 1
#define HAVE_SYSLOG_H 1
#define HAVE_ALLOCA_H 1
#define HAVE_ALLOCA 1
#define HAVE_LIBPTHREAD 1
#define USE_SCRYPT 1
#define USE_GRIDSEED 1
#define HAVE_CURSES 1
#define USE_USBUTILS 1
#define CURL_HAS_KEEPALIVE 1
#define HAVE_LIBCURL 1
#define EXECV_2ND_ARG_TYPE char* const*
#define HAVE_ATTRIBUTE_COLD 1
#define HAVE_ATTRIBUTE_CONST 1
#define HAVE_ATTRIBUTE_NORETURN 1
#define HAVE_ATTRIBUTE_PRINTF 1
#define HAVE_ATTRIBUTE_UNUSED 1
#define HAVE_ATTRIBUTE_USED 1
#define HAVE_BUILTIN_CONSTANT_P 1
#define HAVE_BUILTIN_TYPES_COMPATIBLE_P 1
#define HAVE_WARN_UNUSED_RESULT 1
#define CGMINER_PREFIX "/usr/local/bin"
#define PHATK_KERNNAME "phatk121016"
#define POCLBM_KERNNAME "poclbm130302"
#define DIAKGCN_KERNNAME "diakgcn121016"
#define DIABLO_KERNNAME "diablo130302"
#define SCRYPT_KERNNAME "scrypt130511"

configure: exit 0
